<?xml version="1.0" encoding="UTF-8"?>
<testsuite xmlns:xsi="http://www.w3.org/2001/XMLSchema-instance" xsi:noNamespaceSchemaLocation="https://maven.apache.org/surefire/maven-surefire-plugin/xsd/surefire-test-report.xsd" version="3.0.2" name="io.github.stoicswe.eyeandsickle.client.view.PortScanViewTest" time="0.003" tests="6" errors="0" skipped="0" failures="0" flakes="0">
  <properties>
[...]
</properties>
  <testcase name="absent" classname="an ordinary machine" time="0.001"/>
  <testcase name="neverTheBridgeRungs" classname="an ordinary machine" time="0.001"/>
  <testcase name="eight" classname="an ordinary machine" time="0.0"/>
  <testcase name="five" classname="a bridge" time="0.001"/>
  <testcase name="unidentified" classname="a bridge" time="0.0"/>
  <testcase name="ordered" classname="the ladder" time="0.0"/>
</testsuite>