<?xml version="1.0" encoding="UTF-8"?>
<testsuite xmlns:xsi="http://www.w3.org/2001/XMLSchema-instance" xsi:noNamespaceSchemaLocation="https://maven.apache.org/surefire/maven-surefire-plugin/xsd/surefire-test-report.xsd" version="3.0.2" name="io.github.stoicswe.eyeandsickle.client.profile.CharacterSlotsTest" time="0.23" tests="13" errors="0" skipped="0" failures="0" flakes="0">
  <properties>
[...]
</properties>
  <testcase name="threeSlots(Path)" classname="save slots" time="0.039">
    <system-err><![CDATA[Aug 11, 2026 1:09:03 PM io.github.stoicswe.eyeandsickle.engine.save.LocalDatabase migrate
INFO: opening character database at /var/folders/vf/t3yg2qzs0m74kv990pv2pn4w0000gn/T/junit-11658821481954033623/characters
Aug 11, 2026 1:09:03 PM org.flywaydb.core.FlywayExecutor info
INFO: Database: jdbc:h2:file:/var/folders/vf/t3yg2qzs0m74kv990pv2pn4w0000gn/T/junit-11658821481954033623/characters (H2 2.3)
Aug 11, 2026 1:09:03 PM org.flywaydb.core.internal.schemahistory.JdbcTableSchemaHistory info
INFO: Schema history table "public"."flyway_schema_history" does not exist yet
Aug 11, 2026 1:09:03 PM org.flywaydb.core.internal.command.DbValidate info
INFO: Successfully validated 1 migration (execution time 00:00.000s)
Aug 11, 2026 1:09:03 PM org.flywaydb.core.internal.schemahistory.JdbcTableSchemaHistory info
INFO: Creating Schema History table "public"."flyway_schema_history" ...
Aug 11, 2026 1:09:03 PM org.flywaydb.core.internal.command.DbMigrate info
INFO: Current version of schema "public": << Empty Schema >>
Aug 11, 2026 1:09:03 PM org.flywaydb.core.internal.command.DbMigrate info
INFO: Migrating schema "public" to version "7 - engine state"
Aug 11, 2026 1:09:03 PM org.flywaydb.core.internal.command.DbMigrate info
INFO: Successfully applied 1 migration to schema "public", now at version v7 (execution time 00:00.001s)
Aug 11, 2026 1:09:03 PM io.github.stoicswe.eyeandsickle.engine.save.LocalDatabase migrate
INFO: character database ready at schema version 7 (1 migration(s) applied)
]]></system-err>
  </testcase>
  <testcase name="emptySlots(Path)" classname="save slots" time="0.021">
    <system-err><![CDATA[Aug 11, 2026 1:09:03 PM io.github.stoicswe.eyeandsickle.engine.save.LocalDatabase migrate
INFO: opening character database at /var/folders/vf/t3yg2qzs0m74kv990pv2pn4w0000gn/T/junit-12036785500054404339/characters
Aug 11, 2026 1:09:03 PM org.flywaydb.core.FlywayExecutor info
INFO: Database: jdbc:h2:file:/var/folders/vf/t3yg2qzs0m74kv990pv2pn4w0000gn/T/junit-12036785500054404339/characters (H2 2.3)
Aug 11, 2026 1:09:03 PM org.flywaydb.core.internal.schemahistory.JdbcTableSchemaHistory info
INFO: Schema history table "public"."flyway_schema_history" does not exist yet
Aug 11, 2026 1:09:03 PM org.flywaydb.core.internal.command.DbValidate info
INFO: Successfully validated 1 migration (execution time 00:00.000s)
Aug 11, 2026 1:09:03 PM org.flywaydb.core.internal.schemahistory.JdbcTableSchemaHistory info
INFO: Creating Schema History table "public"."flyway_schema_history" ...
Aug 11, 2026 1:09:03 PM org.flywaydb.core.internal.command.DbMigrate info
INFO: Current version of schema "public": << Empty Schema >>
Aug 11, 2026 1:09:03 PM org.flywaydb.core.internal.command.DbMigrate info
INFO: Migrating schema "public" to version "7 - engine state"
Aug 11, 2026 1:09:03 PM org.flywaydb.core.internal.command.DbMigrate info
INFO: Successfully applied 1 migration to schema "public", now at version v7 (execution time 00:00.000s)
Aug 11, 2026 1:09:03 PM io.github.stoicswe.eyeandsickle.engine.save.LocalDatabase migrate
INFO: character database ready at schema version 7 (1 migration(s) applied)
]]></system-err>
  </testcase>
  <testcase name="occupiedSlot(Path)" classname="save slots" time="0.088">
    <system-err><![CDATA[Aug 11, 2026 1:09:03 PM io.github.stoicswe.eyeandsickle.engine.save.LocalDatabase migrate
INFO: opening character database at /var/folders/vf/t3yg2qzs0m74kv990pv2pn4w0000gn/T/junit-5384979408137287668/characters
Aug 11, 2026 1:09:03 PM org.flywaydb.core.FlywayExecutor info
INFO: Database: jdbc:h2:file:/var/folders/vf/t3yg2qzs0m74kv990pv2pn4w0000gn/T/junit-5384979408137287668/characters (H2 2.3)
Aug 11, 2026 1:09:03 PM org.flywaydb.core.internal.schemahistory.JdbcTableSchemaHistory info
INFO: Schema history table "public"."flyway_schema_history" does not exist yet
Aug 11, 2026 1:09:03 PM org.flywaydb.core.internal.command.DbValidate info
INFO: Successfully validated 1 migration (execution time 00:00.001s)
Aug 11, 2026 1:09:03 PM org.flywaydb.core.internal.schemahistory.JdbcTableSchemaHistory info
INFO: Creating Schema History table "public"."flyway_schema_history" ...
Aug 11, 2026 1:09:03 PM org.flywaydb.core.internal.command.DbMigrate info
INFO: Current version of schema "public": << Empty Schema >>
Aug 11, 2026 1:09:03 PM org.flywaydb.core.internal.command.DbMigrate info
INFO: Migrating schema "public" to version "7 - engine state"
Aug 11, 2026 1:09:03 PM org.flywaydb.core.internal.command.DbMigrate info
INFO: Successfully applied 1 migration to schema "public", now at version v7 (execution time 00:00.000s)
Aug 11, 2026 1:09:03 PM io.github.stoicswe.eyeandsickle.engine.save.LocalDatabase migrate
INFO: character database ready at schema version 7 (1 migration(s) applied)
]]></system-err>
  </testcase>
  <testcase name="corruptSlotIsVisible(Path)" classname="save slots" time="0.019">
    <system-err><![CDATA[Aug 11, 2026 1:09:03 PM io.github.stoicswe.eyeandsickle.engine.save.LocalDatabase migrate
INFO: opening character database at /var/folders/vf/t3yg2qzs0m74kv990pv2pn4w0000gn/T/junit-7534907287506122960/characters
Aug 11, 2026 1:09:03 PM org.flywaydb.core.FlywayExecutor info
INFO: Database: jdbc:h2:file:/var/folders/vf/t3yg2qzs0m74kv990pv2pn4w0000gn/T/junit-7534907287506122960/characters (H2 2.3)
Aug 11, 2026 1:09:03 PM org.flywaydb.core.internal.schemahistory.JdbcTableSchemaHistory info
INFO: Schema history table "public"."flyway_schema_history" does not exist yet
Aug 11, 2026 1:09:03 PM org.flywaydb.core.internal.command.DbValidate info
INFO: Successfully validated 1 migration (execution time 00:00.000s)
Aug 11, 2026 1:09:03 PM org.flywaydb.core.internal.schemahistory.JdbcTableSchemaHistory info
INFO: Creating Schema History table "public"."flyway_schema_history" ...
Aug 11, 2026 1:09:03 PM org.flywaydb.core.internal.command.DbMigrate info
INFO: Current version of schema "public": << Empty Schema >>
Aug 11, 2026 1:09:03 PM org.flywaydb.core.internal.command.DbMigrate info
INFO: Migrating schema "public" to version "7 - engine state"
Aug 11, 2026 1:09:03 PM org.flywaydb.core.internal.command.DbMigrate info
INFO: Successfully applied 1 migration to schema "public", now at version v7 (execution time 00:00.000s)
Aug 11, 2026 1:09:03 PM io.github.stoicswe.eyeandsickle.engine.save.LocalDatabase migrate
INFO: character database ready at schema version 7 (1 migration(s) applied)
Aug 11, 2026 1:09:03 PM io.github.stoicswe.eyeandsickle.client.profile.CharacterSlots readSlot
SEVERE: slot 3 could not be read
io.github.stoicswe.eyeandsickle.engine.save.SaveStore$UnreadableSaveException: Game state for character 7fde1922-e5b7-374a-bcb5-026f3867c5e2 is not readable
	at io.github.stoicswe.eyeandsickle.engine.save.JdbcSaveStore.parse(JdbcSaveStore.java:107)
	at java.base/java.util.Optional.map(Optional.java:264)
	at io.github.stoicswe.eyeandsickle.engine.save.JdbcSaveStore.load(JdbcSaveStore.java:95)
	at io.github.stoicswe.eyeandsickle.client.profile.CharacterSlots.readSlot(CharacterSlots.java:114)
	at io.github.stoicswe.eyeandsickle.client.profile.CharacterSlots.soloSlots(CharacterSlots.java:104)
	at io.github.stoicswe.eyeandsickle.client.profile.CharacterSlotsTest$Slots.corruptSlotIsVisible(CharacterSlotsTest.java:91)
	at java.base/jdk.internal.reflect.DirectMethodHandleAccessor.invoke(DirectMethodHandleAccessor.java:104)
	at java.base/java.lang.reflect.Method.invoke(Method.java:565)
	at org.junit.platform.commons.util.ReflectionUtils.invokeMethod(ReflectionUtils.java:700)
	at org.junit.platform.commons.support.ReflectionSupport.invokeMethod(ReflectionSupport.java:528)
	at org.junit.jupiter.engine.support.MethodReflectionUtils.invoke(MethodReflectionUtils.java:53)
	at org.junit.jupiter.engine.execution.MethodInvocation.proceed(MethodInvocation.java:61)
	at org.junit.jupiter.engine.execution.InvocationInterceptorChain$ValidatingInvocation.proceed(InvocationInterceptorChain.java:124)
	at org.junit.jupiter.engine.extension.TimeoutExtension.intercept(TimeoutExtension.java:163)
	at org.junit.jupiter.engine.extension.TimeoutExtension.interceptTestableMethod(TimeoutExtension.java:148)
	at org.junit.jupiter.engine.extension.TimeoutExtension.interceptTestMethod(TimeoutExtension.java:86)
	at org.junit.jupiter.engine.execution.InterceptingExecutableInvoker$ReflectiveInterceptorCall.lambda$ofVoidMethod$0(InterceptingExecutableInvoker.java:124)
	at org.junit.jupiter.engine.execution.InterceptingExecutableInvoker.lambda$invoke$0(InterceptingExecutableInvoker.java:105)
	at org.junit.jupiter.engine.execution.InvocationInterceptorChain$InterceptedInvocation.proceed(InvocationInterceptorChain.java:99)
	at org.junit.jupiter.engine.execution.InvocationInterceptorChain.proceed(InvocationInterceptorChain.java:66)
	at org.junit.jupiter.engine.execution.InvocationInterceptorChain.chainAndInvoke(InvocationInterceptorChain.java:47)
	at org.junit.jupiter.engine.execution.InvocationInterceptorChain.invoke(InvocationInterceptorChain.java:39)
	at org.junit.jupiter.engine.execution.InterceptingExecutableInvoker.invoke(InterceptingExecutableInvoker.java:104)
	at org.junit.jupiter.engine.execution.InterceptingExecutableInvoker.invoke(InterceptingExecutableInvoker.java:98)
	at org.junit.jupiter.engine.execution.InterceptingExecutableInvoker.invokeVoid(InterceptingExecutableInvoker.java:71)
	at org.junit.jupiter.engine.descriptor.TestMethodTestDescriptor.lambda$invokeTestMethod$0(TestMethodTestDescriptor.java:219)
	at org.junit.platform.engine.support.hierarchical.ThrowableCollector.execute(ThrowableCollector.java:74)
	at org.junit.jupiter.engine.descriptor.TestMethodTestDescriptor.invokeTestMethod(TestMethodTestDescriptor.java:215)
	at org.junit.jupiter.engine.descriptor.TestMethodTestDescriptor.execute(TestMethodTestDescriptor.java:157)
	at org.junit.jupiter.engine.descriptor.TestMethodTestDescriptor.execute(TestMethodTestDescriptor.java:70)
	at org.junit.platform.engine.support.hierarchical.NodeTestTask.lambda$executeRecursively$2(NodeTestTask.java:176)
	at org.junit.platform.engine.support.hierarchical.ThrowableCollector.execute(ThrowableCollector.java:74)
	at org.junit.platform.engine.support.hierarchical.NodeTestTask.lambda$executeRecursively$1(NodeTestTask.java:166)
	at org.junit.platform.engine.support.hierarchical.Node.around(Node.java:139)
	at org.junit.platform.engine.support.hierarchical.NodeTestTask.lambda$executeRecursively$0(NodeTestTask.java:164)
	at org.junit.platform.engine.support.hierarchical.ThrowableCollector.execute(ThrowableCollector.java:74)
	at org.junit.platform.engine.support.hierarchical.NodeTestTask.executeRecursively(NodeTestTask.java:163)
	at org.junit.platform.engine.support.hierarchical.NodeTestTask.execute(NodeTestTask.java:116)
	at java.base/java.util.ArrayList.forEach(ArrayList.java:1612)
	at org.junit.platform.engine.support.hierarchical.SameThreadHierarchicalTestExecutorService.invokeAll(SameThreadHierarchicalTestExecutorService.java:42)
	at org.junit.platform.engine.support.hierarchical.NodeTestTask.lambda$executeRecursively$2(NodeTestTask.java:180)
	at org.junit.platform.engine.support.hierarchical.ThrowableCollector.execute(ThrowableCollector.java:74)
	at org.junit.platform.engine.support.hierarchical.NodeTestTask.lambda$executeRecursively$1(NodeTestTask.java:166)
	at org.junit.platform.engine.support.hierarchical.Node.around(Node.java:139)
	at org.junit.platform.engine.support.hierarchical.NodeTestTask.lambda$executeRecursively$0(NodeTestTask.java:164)
	at org.junit.platform.engine.support.hierarchical.ThrowableCollector.execute(ThrowableCollector.java:74)
	at org.junit.platform.engine.support.hierarchical.NodeTestTask.executeRecursively(NodeTestTask.java:163)
	at org.junit.platform.engine.support.hierarchical.NodeTestTask.execute(NodeTestTask.java:116)
	at java.base/java.util.ArrayList.forEach(ArrayList.java:1612)
	at org.junit.platform.engine.support.hierarchical.SameThreadHierarchicalTestExecutorService.invokeAll(SameThreadHierarchicalTestExecutorService.java:42)
	at org.junit.platform.engine.support.hierarchical.NodeTestTask.lambda$executeRecursively$2(NodeTestTask.java:180)
	at org.junit.platform.engine.support.hierarchical.ThrowableCollector.execute(ThrowableCollector.java:74)
	at org.junit.platform.engine.support.hierarchical.NodeTestTask.lambda$executeRecursively$1(NodeTestTask.java:166)
	at org.junit.platform.engine.support.hierarchical.Node.around(Node.java:139)
	at org.junit.platform.engine.support.hierarchical.NodeTestTask.lambda$executeRecursively$0(NodeTestTask.java:164)
	at org.junit.platform.engine.support.hierarchical.ThrowableCollector.execute(ThrowableCollector.java:74)
	at org.junit.platform.engine.support.hierarchical.NodeTestTask.executeRecursively(NodeTestTask.java:163)
	at org.junit.platform.engine.support.hierarchical.NodeTestTask.execute(NodeTestTask.java:116)
	at java.base/java.util.ArrayList.forEach(ArrayList.java:1612)
	at org.junit.platform.engine.support.hierarchical.SameThreadHierarchicalTestExecutorService.invokeAll(SameThreadHierarchicalTestExecutorService.java:42)
	at org.junit.platform.engine.support.hierarchical.NodeTestTask.lambda$executeRecursively$2(NodeTestTask.java:180)
	at org.junit.platform.engine.support.hierarchical.ThrowableCollector.execute(ThrowableCollector.java:74)
	at org.junit.platform.engine.support.hierarchical.NodeTestTask.lambda$executeRecursively$1(NodeTestTask.java:166)
	at org.junit.platform.engine.support.hierarchical.Node.around(Node.java:139)
	at org.junit.platform.engine.support.hierarchical.NodeTestTask.lambda$executeRecursively$0(NodeTestTask.java:164)
	at org.junit.platform.engine.support.hierarchical.ThrowableCollector.execute(ThrowableCollector.java:74)
	at org.junit.platform.engine.support.hierarchical.NodeTestTask.executeRecursively(NodeTestTask.java:163)
	at org.junit.platform.engine.support.hierarchical.NodeTestTask.execute(NodeTestTask.java:116)
	at org.junit.platform.engine.support.hierarchical.SameThreadHierarchicalTestExecutorService.submit(SameThreadHierarchicalTestExecutorService.java:36)
	at org.junit.platform.engine.support.hierarchical.HierarchicalTestExecutor.execute(HierarchicalTestExecutor.java:52)
	at org.junit.platform.engine.support.hierarchical.HierarchicalTestEngine.execute(HierarchicalTestEngine.java:58)
	at org.junit.platform.launcher.core.EngineExecutionOrchestrator.executeEngine(EngineExecutionOrchestrator.java:256)
	at org.junit.platform.launcher.core.EngineExecutionOrchestrator.failOrExecuteEngine(EngineExecutionOrchestrator.java:228)
	at org.junit.platform.launcher.core.EngineExecutionOrchestrator.execute(EngineExecutionOrchestrator.java:189)
	at org.junit.platform.launcher.core.EngineExecutionOrchestrator.execute(EngineExecutionOrchestrator.java:109)
	at org.junit.platform.launcher.core.EngineExecutionOrchestrator.lambda$execute$0(EngineExecutionOrchestrator.java:66)
	at org.junit.platform.launcher.core.EngineExecutionOrchestrator.withInterceptedStreams(EngineExecutionOrchestrator.java:168)
	at org.junit.platform.launcher.core.EngineExecutionOrchestrator.execute(EngineExecutionOrchestrator.java:65)
	at org.junit.platform.launcher.core.DefaultLauncher.execute(DefaultLauncher.java:137)
	at org.junit.platform.launcher.core.DefaultLauncher.execute(DefaultLauncher.java:126)
	at org.junit.platform.launcher.core.DelegatingLauncher.execute(DelegatingLauncher.java:71)
	at org.junit.platform.launcher.core.InterceptingLauncher.lambda$execute$2(InterceptingLauncher.java:66)
	at org.junit.platform.launcher.core.ClasspathAlignmentCheckingLauncherInterceptor.intercept(ClasspathAlignmentCheckingLauncherInterceptor.java:25)
	at org.junit.platform.launcher.core.InterceptingLauncher.execute(InterceptingLauncher.java:65)
	at org.junit.platform.launcher.core.DelegatingLauncher.execute(DelegatingLauncher.java:71)
	at java.base/jdk.internal.reflect.DirectMethodHandleAccessor.invoke(DirectMethodHandleAccessor.java:104)
	at java.base/java.lang.reflect.Method.invoke(Method.java:565)
	at org.apache.maven.surefire.api.util.ReflectionUtils.invokeMethodWithArray(ReflectionUtils.java:125)
	at org.apache.maven.surefire.junitplatform.LauncherAdapter.executeWithCancellationToken(LauncherAdapter.java:68)
	at org.apache.maven.surefire.junitplatform.LauncherAdapter.execute(LauncherAdapter.java:54)
	at org.apache.maven.surefire.junitplatform.JUnitPlatformProvider.execute(JUnitPlatformProvider.java:203)
	at org.apache.maven.surefire.junitplatform.JUnitPlatformProvider.invokeAllTests(JUnitPlatformProvider.java:168)
	at org.apache.maven.surefire.junitplatform.JUnitPlatformProvider.invoke(JUnitPlatformProvider.java:136)
	at org.apache.maven.surefire.booter.ForkedBooter.runSuitesInProcess(ForkedBooter.java:385)
	at org.apache.maven.surefire.booter.ForkedBooter.execute(ForkedBooter.java:162)
	at org.apache.maven.surefire.booter.ForkedBooter.run(ForkedBooter.java:507)
	at org.apache.maven.surefire.booter.ForkedBooter.main(ForkedBooter.java:495)
Caused by: tools.jackson.core.exc.StreamReadException: Unexpected character ('n' (code 110)): was expecting double-quote to start property name
 at [Source: REDACTED (`StreamReadFeature.INCLUDE_SOURCE_IN_LOCATION` disabled); byte offset: #UNKNOWN]
	at tools.jackson.core.JsonParser._constructReadException(JsonParser.java:1856)
	at tools.jackson.core.base.ParserMinimalBase._reportUnexpectedChar(ParserMinimalBase.java:1049)
	at tools.jackson.core.json.ReaderBasedJsonParser._handleOddName(ReaderBasedJsonParser.java:1934)
	at tools.jackson.core.json.ReaderBasedJsonParser.nextToken(ReaderBasedJsonParser.java:738)
	at tools.jackson.databind.deser.bean.BeanDeserializer.deserialize(BeanDeserializer.java:196)
	at tools.jackson.databind.deser.DeserializationContextExt.readRootValue(DeserializationContextExt.java:266)
	at tools.jackson.databind.ObjectMapper._readMapAndClose(ObjectMapper.java:2639)
	at tools.jackson.databind.ObjectMapper.readValue(ObjectMapper.java:1544)
	at io.github.stoicswe.eyeandsickle.engine.save.JdbcSaveStore.parse(JdbcSaveStore.java:102)
	... 96 more

]]></system-err>
  </testcase>
  <testcase name="deleteIsScoped(Path)" classname="save slots" time="0.051">
    <system-err><![CDATA[Aug 11, 2026 1:09:03 PM io.github.stoicswe.eyeandsickle.engine.save.LocalDatabase migrate
INFO: opening character database at /var/folders/vf/t3yg2qzs0m74kv990pv2pn4w0000gn/T/junit-8762562335743335434/characters
Aug 11, 2026 1:09:03 PM org.flywaydb.core.FlywayExecutor info
INFO: Database: jdbc:h2:file:/var/folders/vf/t3yg2qzs0m74kv990pv2pn4w0000gn/T/junit-8762562335743335434/characters (H2 2.3)
Aug 11, 2026 1:09:03 PM org.flywaydb.core.internal.schemahistory.JdbcTableSchemaHistory info
INFO: Schema history table "public"."flyway_schema_history" does not exist yet
Aug 11, 2026 1:09:03 PM org.flywaydb.core.internal.command.DbValidate info
INFO: Successfully validated 1 migration (execution time 00:00.000s)
Aug 11, 2026 1:09:03 PM org.flywaydb.core.internal.schemahistory.JdbcTableSchemaHistory info
INFO: Creating Schema History table "public"."flyway_schema_history" ...
Aug 11, 2026 1:09:03 PM org.flywaydb.core.internal.command.DbMigrate info
INFO: Current version of schema "public": << Empty Schema >>
Aug 11, 2026 1:09:03 PM org.flywaydb.core.internal.command.DbMigrate info
INFO: Migrating schema "public" to version "7 - engine state"
Aug 11, 2026 1:09:03 PM org.flywaydb.core.internal.command.DbMigrate info
INFO: Successfully applied 1 migration to schema "public", now at version v7 (execution time 00:00.000s)
Aug 11, 2026 1:09:03 PM io.github.stoicswe.eyeandsickle.engine.save.LocalDatabase migrate
INFO: character database ready at schema version 7 (1 migration(s) applied)
]]></system-err>
  </testcase>
  <testcase name="answerPersists(Path)" classname="the first-run familiarity question — CL-4 / T-2" time="0.003"/>
  <testcase name="freshProfileIsUnasked(Path)" classname="the first-run familiarity question — CL-4 / T-2" time="0.0"/>
  <testcase name="variantsAreDistinct" classname="themes" time="0.0"/>
  <testcase name="roundingThemesAreOptIn" classname="themes" time="0.0"/>
  <testcase name="overlaysAreColoursOnly" classname="themes" time="0.003"/>
  <testcase name="everyStylesheetResolves" classname="themes" time="0.001"/>
  <testcase name="highContrastIsSelectable" classname="themes" time="0.0"/>
  <testcase name="deckHasNoOverlay" classname="themes" time="0.0"/>
</testsuite>