<?xml version="1.0" encoding="UTF-8"?>
<testsuite xmlns:xsi="http://www.w3.org/2001/XMLSchema-instance" xsi:noNamespaceSchemaLocation="https://maven.apache.org/surefire/maven-surefire-plugin/xsd/surefire-test-report.xsd" version="3.0.2" name="io.github.stoicswe.eyeandsickle.client.log.ClientLogTest" time="0.062" tests="10" errors="0" skipped="0" failures="0" flakes="0">
  <properties>
[...]
</properties>
  <testcase name="oldestAreDroppedAndCounted" classname="the bound" time="0.054">
    <system-err><![CDATA[Aug 11, 2026 1:09:04 PM io.github.stoicswe.eyeandsickle.client.log.ClientLogTest$Bound oldestAreDroppedAndCounted
INFO: line 0
Aug 11, 2026 1:09:04 PM io.github.stoicswe.eyeandsickle.client.log.ClientLogTest$Bound oldestAreDroppedAndCounted
INFO: line 1
Aug 11, 2026 1:09:04 PM io.github.stoicswe.eyeandsickle.client.log.ClientLogTest$Bound oldestAreDroppedAndCounted
INFO: line 2
Aug 11, 2026 1:09:04 PM io.github.stoicswe.eyeandsickle.client.log.ClientLogTest$Bound oldestAreDroppedAndCounted
INFO: line 3
Aug 11, 2026 1:09:04 PM io.github.stoicswe.eyeandsickle.client.log.ClientLogTest$Bound oldestAreDroppedAndCounted
INFO: line 4
Aug 11, 2026 1:09:04 PM io.github.stoicswe.eyeandsickle.client.log.ClientLogTest$Bound oldestAreDroppedAndCounted
INFO: line 5
Aug 11, 2026 1:09:04 PM io.github.stoicswe.eyeandsickle.client.log.ClientLogTest$Bound oldestAreDroppedAndCounted
INFO: line 6
Aug 11, 2026 1:09:04 PM io.github.stoicswe.eyeandsickle.client.log.ClientLogTest$Bound oldestAreDroppedAndCounted
INFO: line 7
Aug 11, 2026 1:09:04 PM io.github.stoicswe.eyeandsickle.client.log.ClientLogTest$Bound oldestAreDroppedAndCounted
INFO: line 8
Aug 11, 2026 1:09:04 PM io.github.stoicswe.eyeandsickle.client.log.ClientLogTest$Bound oldestAreDroppedAndCounted
INFO: line 9
Aug 11, 2026 1:09:04 PM io.github.stoicswe.eyeandsickle.client.log.ClientLogTest$Bound oldestAreDroppedAndCounted
INFO: line 10
Aug 11, 2026 1:09:04 PM io.github.stoicswe.eyeandsickle.client.log.ClientLogTest$Bound oldestAreDroppedAndCounted
INFO: line 11
Aug 11, 2026 1:09:04 PM io.github.stoicswe.eyeandsickle.client.log.ClientLogTest$Bound oldestAreDroppedAndCounted
INFO: line 12
Aug 11, 2026 1:09:04 PM io.github.stoicswe.eyeandsickle.client.log.ClientLogTest$Bound oldestAreDroppedAndCounted
INFO: line 13
Aug 11, 2026 1:09:04 PM io.github.stoicswe.eyeandsickle.client.log.ClientLogTest$Bound oldestAreDroppedAndCounted
INFO: line 14
Aug 11, 2026 1:09:04 PM io.github.stoicswe.eyeandsickle.client.log.ClientLogTest$Bound oldestAreDroppedAndCounted
INFO: line 15
Aug 11, 2026 1:09:04 PM io.github.stoicswe.eyeandsickle.client.log.ClientLogTest$Bound oldestAreDroppedAndCounted
INFO: line 16
Aug 11, 2026 1:09:04 PM io.github.stoicswe.eyeandsickle.client.log.ClientLogTest$Bound oldestAreDroppedAndCounted
INFO: line 17
Aug 11, 2026 1:09:04 PM io.github.stoicswe.eyeandsickle.client.log.ClientLogTest$Bound oldestAreDroppedAndCounted
INFO: line 18
Aug 11, 2026 1:09:04 PM io.github.stoicswe.eyeandsickle.client.log.ClientLogTest$Bound oldestAreDroppedAndCounted
INFO: line 19
Aug 11, 2026 1:09:04 PM io.github.stoicswe.eyeandsickle.client.log.ClientLogTest$Bound oldestAreDroppedAndCounted
INFO: line 20
Aug 11, 2026 1:09:04 PM io.github.stoicswe.eyeandsickle.client.log.ClientLogTest$Bound oldestAreDroppedAndCounted
INFO: line 21
Aug 11, 2026 1:09:04 PM io.github.stoicswe.eyeandsickle.client.log.ClientLogTest$Bound oldestAreDroppedAndCounted
INFO: line 22
Aug 11, 2026 1:09:04 PM io.github.stoicswe.eyeandsickle.client.log.ClientLogTest$Bound oldestAreDroppedAndCounted
INFO: line 23
Aug 11, 2026 1:09:04 PM io.github.stoicswe.eyeandsickle.client.log.ClientLogTest$Bound oldestAreDroppedAndCounted
INFO: line 24
Aug 11, 2026 1:09:04 PM io.github.stoicswe.eyeandsickle.client.log.ClientLogTest$Bound oldestAreDroppedAndCounted
INFO: line 25
Aug 11, 2026 1:09:04 PM io.github.stoicswe.eyeandsickle.client.log.ClientLogTest$Bound oldestAreDroppedAndCounted
INFO: line 26
Aug 11, 2026 1:09:04 PM io.github.stoicswe.eyeandsickle.client.log.ClientLogTest$Bound oldestAreDroppedAndCounted
INFO: line 27
Aug 11, 2026 1:09:04 PM io.github.stoicswe.eyeandsickle.client.log.ClientLogTest$Bound oldestAreDroppedAndCounted
INFO: line 28
Aug 11, 2026 1:09:04 PM io.github.stoicswe.eyeandsickle.client.log.ClientLogTest$Bound oldestAreDroppedAndCounted
INFO: line 29
Aug 11, 2026 1:09:04 PM io.github.stoicswe.eyeandsickle.client.log.ClientLogTest$Bound oldestAreDroppedAndCounted
INFO: line 30
Aug 11, 2026 1:09:04 PM io.github.stoicswe.eyeandsickle.client.log.ClientLogTest$Bound oldestAreDroppedAndCounted
INFO: line 31
Aug 11, 2026 1:09:04 PM io.github.stoicswe.eyeandsickle.client.log.ClientLogTest$Bound oldestAreDroppedAndCounted
INFO: line 32
Aug 11, 2026 1:09:04 PM io.github.stoicswe.eyeandsickle.client.log.ClientLogTest$Bound oldestAreDroppedAndCounted
INFO: line 33
Aug 11, 2026 1:09:04 PM io.github.stoicswe.eyeandsickle.client.log.ClientLogTest$Bound oldestAreDroppedAndCounted
INFO: line 34
Aug 11, 2026 1:09:04 PM io.github.stoicswe.eyeandsickle.client.log.ClientLogTest$Bound oldestAreDroppedAndCounted
INFO: line 35
Aug 11, 2026 1:09:04 PM io.github.stoicswe.eyeandsickle.client.log.ClientLogTest$Bound oldestAreDroppedAndCounted
INFO: line 36
Aug 11, 2026 1:09:04 PM io.github.stoicswe.eyeandsickle.client.log.ClientLogTest$Bound oldestAreDroppedAndCounted
INFO: line 37
Aug 11, 2026 1:09:04 PM io.github.stoicswe.eyeandsickle.client.log.ClientLogTest$Bound oldestAreDroppedAndCounted
INFO: line 38
Aug 11, 2026 1:09:04 PM io.github.stoicswe.eyeandsickle.client.log.ClientLogTest$Bound oldestAreDroppedAndCounted
INFO: line 39
Aug 11, 2026 1:09:04 PM io.github.stoicswe.eyeandsickle.client.log.ClientLogTest$Bound oldestAreDroppedAndCounted
INFO: line 40
Aug 11, 2026 1:09:04 PM io.github.stoicswe.eyeandsickle.client.log.ClientLogTest$Bound oldestAreDroppedAndCounted
INFO: line 41
Aug 11, 2026 1:09:04 PM io.github.stoicswe.eyeandsickle.client.log.ClientLogTest$Bound oldestAreDroppedAndCounted
INFO: line 42
Aug 11, 2026 1:09:04 PM io.github.stoicswe.eyeandsickle.client.log.ClientLogTest$Bound oldestAreDroppedAndCounted
INFO: line 43
Aug 11, 2026 1:09:04 PM io.github.stoicswe.eyeandsickle.client.log.ClientLogTest$Bound oldestAreDroppedAndCounted
INFO: line 44
Aug 11, 2026 1:09:04 PM io.github.stoicswe.eyeandsickle.client.log.ClientLogTest$Bound oldestAreDroppedAndCounted
INFO: line 45
Aug 11, 2026 1:09:04 PM io.github.stoicswe.eyeandsickle.client.log.ClientLogTest$Bound oldestAreDroppedAndCounted
INFO: line 46
Aug 11, 2026 1:09:04 PM io.github.stoicswe.eyeandsickle.client.log.ClientLogTest$Bound oldestAreDroppedAndCounted
INFO: line 47
Aug 11, 2026 1:09:04 PM io.github.stoicswe.eyeandsickle.client.log.ClientLogTest$Bound oldestAreDroppedAndCounted
INFO: line 48
Aug 11, 2026 1:09:04 PM io.github.stoicswe.eyeandsickle.client.log.ClientLogTest$Bound oldestAreDroppedAndCounted
INFO: line 49
Aug 11, 2026 1:09:04 PM io.github.stoicswe.eyeandsickle.client.log.ClientLogTest$Bound oldestAreDroppedAndCounted
INFO: line 50
Aug 11, 2026 1:09:04 PM io.github.stoicswe.eyeandsickle.client.log.ClientLogTest$Bound oldestAreDroppedAndCounted
INFO: line 51
Aug 11, 2026 1:09:04 PM io.github.stoicswe.eyeandsickle.client.log.ClientLogTest$Bound oldestAreDroppedAndCounted
INFO: line 52
Aug 11, 2026 1:09:04 PM io.github.stoicswe.eyeandsickle.client.log.ClientLogTest$Bound oldestAreDroppedAndCounted
INFO: line 53
Aug 11, 2026 1:09:04 PM io.github.stoicswe.eyeandsickle.client.log.ClientLogTest$Bound oldestAreDroppedAndCounted
INFO: line 54
Aug 11, 2026 1:09:04 PM io.github.stoicswe.eyeandsickle.client.log.ClientLogTest$Bound oldestAreDroppedAndCounted
INFO: line 55
Aug 11, 2026 1:09:04 PM io.github.stoicswe.eyeandsickle.client.log.ClientLogTest$Bound oldestAreDroppedAndCounted
INFO: line 56
Aug 11, 2026 1:09:04 PM io.github.stoicswe.eyeandsickle.client.log.ClientLogTest$Bound oldestAreDroppedAndCounted
INFO: line 57
Aug 11, 2026 1:09:04 PM io.github.stoicswe.eyeandsickle.client.log.ClientLogTest$Bound oldestAreDroppedAndCounted
INFO: line 58
Aug 11, 2026 1:09:04 PM io.github.stoicswe.eyeandsickle.client.log.ClientLogTest$Bound oldestAreDroppedAndCounted
INFO: line 59
Aug 11, 2026 1:09:04 PM io.github.stoicswe.eyeandsickle.client.log.ClientLogTest$Bound oldestAreDroppedAndCounted
INFO: line 60
Aug 11, 2026 1:09:04 PM io.github.stoicswe.eyeandsickle.client.log.ClientLogTest$Bound oldestAreDroppedAndCounted
INFO: line 61
Aug 11, 2026 1:09:04 PM io.github.stoicswe.eyeandsickle.client.log.ClientLogTest$Bound oldestAreDroppedAndCounted
INFO: line 62
Aug 11, 2026 1:09:04 PM io.github.stoicswe.eyeandsickle.client.log.ClientLogTest$Bound oldestAreDroppedAndCounted
INFO: line 63
Aug 11, 2026 1:09:04 PM io.github.stoicswe.eyeandsickle.client.log.ClientLogTest$Bound oldestAreDroppedAndCounted
INFO: line 64
Aug 11, 2026 1:09:04 PM io.github.stoicswe.eyeandsickle.client.log.ClientLogTest$Bound oldestAreDroppedAndCounted
INFO: line 65
Aug 11, 2026 1:09:04 PM io.github.stoicswe.eyeandsickle.client.log.ClientLogTest$Bound oldestAreDroppedAndCounted
INFO: line 66
Aug 11, 2026 1:09:04 PM io.github.stoicswe.eyeandsickle.client.log.ClientLogTest$Bound oldestAreDroppedAndCounted
INFO: line 67
Aug 11, 2026 1:09:04 PM io.github.stoicswe.eyeandsickle.client.log.ClientLogTest$Bound oldestAreDroppedAndCounted
INFO: line 68
Aug 11, 2026 1:09:04 PM io.github.stoicswe.eyeandsickle.client.log.ClientLogTest$Bound oldestAreDroppedAndCounted
INFO: line 69
Aug 11, 2026 1:09:04 PM io.github.stoicswe.eyeandsickle.client.log.ClientLogTest$Bound oldestAreDroppedAndCounted
INFO: line 70
Aug 11, 2026 1:09:04 PM io.github.stoicswe.eyeandsickle.client.log.ClientLogTest$Bound oldestAreDroppedAndCounted
INFO: line 71
Aug 11, 2026 1:09:04 PM io.github.stoicswe.eyeandsickle.client.log.ClientLogTest$Bound oldestAreDroppedAndCounted
INFO: line 72
Aug 11, 2026 1:09:04 PM io.github.stoicswe.eyeandsickle.client.log.ClientLogTest$Bound oldestAreDroppedAndCounted
INFO: line 73
Aug 11, 2026 1:09:04 PM io.github.stoicswe.eyeandsickle.client.log.ClientLogTest$Bound oldestAreDroppedAndCounted
INFO: line 74
Aug 11, 2026 1:09:04 PM io.github.stoicswe.eyeandsickle.client.log.ClientLogTest$Bound oldestAreDroppedAndCounted
INFO: line 75
Aug 11, 2026 1:09:04 PM io.github.stoicswe.eyeandsickle.client.log.ClientLogTest$Bound oldestAreDroppedAndCounted
INFO: line 76
Aug 11, 2026 1:09:04 PM io.github.stoicswe.eyeandsickle.client.log.ClientLogTest$Bound oldestAreDroppedAndCounted
INFO: line 77
Aug 11, 2026 1:09:04 PM io.github.stoicswe.eyeandsickle.client.log.ClientLogTest$Bound oldestAreDroppedAndCounted
INFO: line 78
Aug 11, 2026 1:09:04 PM io.github.stoicswe.eyeandsickle.client.log.ClientLogTest$Bound oldestAreDroppedAndCounted
INFO: line 79
Aug 11, 2026 1:09:04 PM io.github.stoicswe.eyeandsickle.client.log.ClientLogTest$Bound oldestAreDroppedAndCounted
INFO: line 80
Aug 11, 2026 1:09:04 PM io.github.stoicswe.eyeandsickle.client.log.ClientLogTest$Bound oldestAreDroppedAndCounted
INFO: line 81
Aug 11, 2026 1:09:04 PM io.github.stoicswe.eyeandsickle.client.log.ClientLogTest$Bound oldestAreDroppedAndCounted
INFO: line 82
Aug 11, 2026 1:09:04 PM io.github.stoicswe.eyeandsickle.client.log.ClientLogTest$Bound oldestAreDroppedAndCounted
INFO: line 83
Aug 11, 2026 1:09:04 PM io.github.stoicswe.eyeandsickle.client.log.ClientLogTest$Bound oldestAreDroppedAndCounted
INFO: line 84
Aug 11, 2026 1:09:04 PM io.github.stoicswe.eyeandsickle.client.log.ClientLogTest$Bound oldestAreDroppedAndCounted
INFO: line 85
Aug 11, 2026 1:09:04 PM io.github.stoicswe.eyeandsickle.client.log.ClientLogTest$Bound oldestAreDroppedAndCounted
INFO: line 86
Aug 11, 2026 1:09:04 PM io.github.stoicswe.eyeandsickle.client.log.ClientLogTest$Bound oldestAreDroppedAndCounted
INFO: line 87
Aug 11, 2026 1:09:04 PM io.github.stoicswe.eyeandsickle.client.log.ClientLogTest$Bound oldestAreDroppedAndCounted
INFO: line 88
Aug 11, 2026 1:09:04 PM io.github.stoicswe.eyeandsickle.client.log.ClientLogTest$Bound oldestAreDroppedAndCounted
INFO: line 89
Aug 11, 2026 1:09:04 PM io.github.stoicswe.eyeandsickle.client.log.ClientLogTest$Bound oldestAreDroppedAndCounted
INFO: line 90
Aug 11, 2026 1:09:04 PM io.github.stoicswe.eyeandsickle.client.log.ClientLogTest$Bound oldestAreDroppedAndCounted
INFO: line 91
Aug 11, 2026 1:09:04 PM io.github.stoicswe.eyeandsickle.client.log.ClientLogTest$Bound oldestAreDroppedAndCounted
INFO: line 92
Aug 11, 2026 1:09:04 PM io.github.stoicswe.eyeandsickle.client.log.ClientLogTest$Bound oldestAreDroppedAndCounted
INFO: line 93
Aug 11, 2026 1:09:04 PM io.github.stoicswe.eyeandsickle.client.log.ClientLogTest$Bound oldestAreDroppedAndCounted
INFO: line 94
Aug 11, 2026 1:09:04 PM io.github.stoicswe.eyeandsickle.client.log.ClientLogTest$Bound oldestAreDroppedAndCounted
INFO: line 95
Aug 11, 2026 1:09:04 PM io.github.stoicswe.eyeandsickle.client.log.ClientLogTest$Bound oldestAreDroppedAndCounted
INFO: line 96
Aug 11, 2026 1:09:04 PM io.github.stoicswe.eyeandsickle.client.log.ClientLogTest$Bound oldestAreDroppedAndCounted
INFO: line 97
Aug 11, 2026 1:09:04 PM io.github.stoicswe.eyeandsickle.client.log.ClientLogTest$Bound oldestAreDroppedAndCounted
INFO: line 98
Aug 11, 2026 1:09:04 PM io.github.stoicswe.eyeandsickle.client.log.ClientLogTest$Bound oldestAreDroppedAndCounted
INFO: line 99
Aug 11, 2026 1:09:04 PM io.github.stoicswe.eyeandsickle.client.log.ClientLogTest$Bound oldestAreDroppedAndCounted
INFO: line 100
Aug 11, 2026 1:09:04 PM io.github.stoicswe.eyeandsickle.client.log.ClientLogTest$Bound oldestAreDroppedAndCounted
INFO: line 101
Aug 11, 2026 1:09:04 PM io.github.stoicswe.eyeandsickle.client.log.ClientLogTest$Bound oldestAreDroppedAndCounted
INFO: line 102
Aug 11, 2026 1:09:04 PM io.github.stoicswe.eyeandsickle.client.log.ClientLogTest$Bound oldestAreDroppedAndCounted
INFO: line 103
Aug 11, 2026 1:09:04 PM io.github.stoicswe.eyeandsickle.client.log.ClientLogTest$Bound oldestAreDroppedAndCounted
INFO: line 104
Aug 11, 2026 1:09:04 PM io.github.stoicswe.eyeandsickle.client.log.ClientLogTest$Bound oldestAreDroppedAndCounted
INFO: line 105
Aug 11, 2026 1:09:04 PM io.github.stoicswe.eyeandsickle.client.log.ClientLogTest$Bound oldestAreDroppedAndCounted
INFO: line 106
Aug 11, 2026 1:09:04 PM io.github.stoicswe.eyeandsickle.client.log.ClientLogTest$Bound oldestAreDroppedAndCounted
INFO: line 107
Aug 11, 2026 1:09:04 PM io.github.stoicswe.eyeandsickle.client.log.ClientLogTest$Bound oldestAreDroppedAndCounted
INFO: line 108
Aug 11, 2026 1:09:04 PM io.github.stoicswe.eyeandsickle.client.log.ClientLogTest$Bound oldestAreDroppedAndCounted
INFO: line 109
Aug 11, 2026 1:09:04 PM io.github.stoicswe.eyeandsickle.client.log.ClientLogTest$Bound oldestAreDroppedAndCounted
INFO: line 110
Aug 11, 2026 1:09:04 PM io.github.stoicswe.eyeandsickle.client.log.ClientLogTest$Bound oldestAreDroppedAndCounted
INFO: line 111
Aug 11, 2026 1:09:04 PM io.github.stoicswe.eyeandsickle.client.log.ClientLogTest$Bound oldestAreDroppedAndCounted
INFO: line 112
Aug 11, 2026 1:09:04 PM io.github.stoicswe.eyeandsickle.client.log.ClientLogTest$Bound oldestAreDroppedAndCounted
INFO: line 113
Aug 11, 2026 1:09:04 PM io.github.stoicswe.eyeandsickle.client.log.ClientLogTest$Bound oldestAreDroppedAndCounted
INFO: line 114
Aug 11, 2026 1:09:04 PM io.github.stoicswe.eyeandsickle.client.log.ClientLogTest$Bound oldestAreDroppedAndCounted
INFO: line 115
Aug 11, 2026 1:09:04 PM io.github.stoicswe.eyeandsickle.client.log.ClientLogTest$Bound oldestAreDroppedAndCounted
INFO: line 116
Aug 11, 2026 1:09:04 PM io.github.stoicswe.eyeandsickle.client.log.ClientLogTest$Bound oldestAreDroppedAndCounted
INFO: line 117
Aug 11, 2026 1:09:04 PM io.github.stoicswe.eyeandsickle.client.log.ClientLogTest$Bound oldestAreDroppedAndCounted
INFO: line 118
Aug 11, 2026 1:09:04 PM io.github.stoicswe.eyeandsickle.client.log.ClientLogTest$Bound oldestAreDroppedAndCounted
INFO: line 119
Aug 11, 2026 1:09:04 PM io.github.stoicswe.eyeandsickle.client.log.ClientLogTest$Bound oldestAreDroppedAndCounted
INFO: line 120
Aug 11, 2026 1:09:04 PM io.github.stoicswe.eyeandsickle.client.log.ClientLogTest$Bound oldestAreDroppedAndCounted
INFO: line 121
Aug 11, 2026 1:09:04 PM io.github.stoicswe.eyeandsickle.client.log.ClientLogTest$Bound oldestAreDroppedAndCounted
INFO: line 122
Aug 11, 2026 1:09:04 PM io.github.stoicswe.eyeandsickle.client.log.ClientLogTest$Bound oldestAreDroppedAndCounted
INFO: line 123
Aug 11, 2026 1:09:04 PM io.github.stoicswe.eyeandsickle.client.log.ClientLogTest$Bound oldestAreDroppedAndCounted
INFO: line 124
Aug 11, 2026 1:09:04 PM io.github.stoicswe.eyeandsickle.client.log.ClientLogTest$Bound oldestAreDroppedAndCounted
INFO: line 125
Aug 11, 2026 1:09:04 PM io.github.stoicswe.eyeandsickle.client.log.ClientLogTest$Bound oldestAreDroppedAndCounted
INFO: line 126
Aug 11, 2026 1:09:04 PM io.github.stoicswe.eyeandsickle.client.log.ClientLogTest$Bound oldestAreDroppedAndCounted
INFO: line 127
Aug 11, 2026 1:09:04 PM io.github.stoicswe.eyeandsickle.client.log.ClientLogTest$Bound oldestAreDroppedAndCounted
INFO: line 128
Aug 11, 2026 1:09:04 PM io.github.stoicswe.eyeandsickle.client.log.ClientLogTest$Bound oldestAreDroppedAndCounted
INFO: line 129
Aug 11, 2026 1:09:04 PM io.github.stoicswe.eyeandsickle.client.log.ClientLogTest$Bound oldestAreDroppedAndCounted
INFO: line 130
Aug 11, 2026 1:09:04 PM io.github.stoicswe.eyeandsickle.client.log.ClientLogTest$Bound oldestAreDroppedAndCounted
INFO: line 131
Aug 11, 2026 1:09:04 PM io.github.stoicswe.eyeandsickle.client.log.ClientLogTest$Bound oldestAreDroppedAndCounted
INFO: line 132
Aug 11, 2026 1:09:04 PM io.github.stoicswe.eyeandsickle.client.log.ClientLogTest$Bound oldestAreDroppedAndCounted
INFO: line 133
Aug 11, 2026 1:09:04 PM io.github.stoicswe.eyeandsickle.client.log.ClientLogTest$Bound oldestAreDroppedAndCounted
INFO: line 134
Aug 11, 2026 1:09:04 PM io.github.stoicswe.eyeandsickle.client.log.ClientLogTest$Bound oldestAreDroppedAndCounted
INFO: line 135
Aug 11, 2026 1:09:04 PM io.github.stoicswe.eyeandsickle.client.log.ClientLogTest$Bound oldestAreDroppedAndCounted
INFO: line 136
Aug 11, 2026 1:09:04 PM io.github.stoicswe.eyeandsickle.client.log.ClientLogTest$Bound oldestAreDroppedAndCounted
INFO: line 137
Aug 11, 2026 1:09:04 PM io.github.stoicswe.eyeandsickle.client.log.ClientLogTest$Bound oldestAreDroppedAndCounted
INFO: line 138
Aug 11, 2026 1:09:04 PM io.github.stoicswe.eyeandsickle.client.log.ClientLogTest$Bound oldestAreDroppedAndCounted
INFO: line 139
Aug 11, 2026 1:09:04 PM io.github.stoicswe.eyeandsickle.client.log.ClientLogTest$Bound oldestAreDroppedAndCounted
INFO: line 140
Aug 11, 2026 1:09:04 PM io.github.stoicswe.eyeandsickle.client.log.ClientLogTest$Bound oldestAreDroppedAndCounted
INFO: line 141
Aug 11, 2026 1:09:04 PM io.github.stoicswe.eyeandsickle.client.log.ClientLogTest$Bound oldestAreDroppedAndCounted
INFO: line 142
Aug 11, 2026 1:09:04 PM io.github.stoicswe.eyeandsickle.client.log.ClientLogTest$Bound oldestAreDroppedAndCounted
INFO: line 143
Aug 11, 2026 1:09:04 PM io.github.stoicswe.eyeandsickle.client.log.ClientLogTest$Bound oldestAreDroppedAndCounted
INFO: line 144
Aug 11, 2026 1:09:04 PM io.github.stoicswe.eyeandsickle.client.log.ClientLogTest$Bound oldestAreDroppedAndCounted
INFO: line 145
Aug 11, 2026 1:09:04 PM io.github.stoicswe.eyeandsickle.client.log.ClientLogTest$Bound oldestAreDroppedAndCounted
INFO: line 146
Aug 11, 2026 1:09:04 PM io.github.stoicswe.eyeandsickle.client.log.ClientLogTest$Bound oldestAreDroppedAndCounted
INFO: line 147
Aug 11, 2026 1:09:04 PM io.github.stoicswe.eyeandsickle.client.log.ClientLogTest$Bound oldestAreDroppedAndCounted
INFO: line 148
Aug 11, 2026 1:09:04 PM io.github.stoicswe.eyeandsickle.client.log.ClientLogTest$Bound oldestAreDroppedAndCounted
INFO: line 149
Aug 11, 2026 1:09:04 PM io.github.stoicswe.eyeandsickle.client.log.ClientLogTest$Bound oldestAreDroppedAndCounted
INFO: line 150
Aug 11, 2026 1:09:04 PM io.github.stoicswe.eyeandsickle.client.log.ClientLogTest$Bound oldestAreDroppedAndCounted
INFO: line 151
Aug 11, 2026 1:09:04 PM io.github.stoicswe.eyeandsickle.client.log.ClientLogTest$Bound oldestAreDroppedAndCounted
INFO: line 152
Aug 11, 2026 1:09:04 PM io.github.stoicswe.eyeandsickle.client.log.ClientLogTest$Bound oldestAreDroppedAndCounted
INFO: line 153
Aug 11, 2026 1:09:04 PM io.github.stoicswe.eyeandsickle.client.log.ClientLogTest$Bound oldestAreDroppedAndCounted
INFO: line 154
Aug 11, 2026 1:09:04 PM io.github.stoicswe.eyeandsickle.client.log.ClientLogTest$Bound oldestAreDroppedAndCounted
INFO: line 155
Aug 11, 2026 1:09:04 PM io.github.stoicswe.eyeandsickle.client.log.ClientLogTest$Bound oldestAreDroppedAndCounted
INFO: line 156
Aug 11, 2026 1:09:04 PM io.github.stoicswe.eyeandsickle.client.log.ClientLogTest$Bound oldestAreDroppedAndCounted
INFO: line 157
Aug 11, 2026 1:09:04 PM io.github.stoicswe.eyeandsickle.client.log.ClientLogTest$Bound oldestAreDroppedAndCounted
INFO: line 158
Aug 11, 2026 1:09:04 PM io.github.stoicswe.eyeandsickle.client.log.ClientLogTest$Bound oldestAreDroppedAndCounted
INFO: line 159
Aug 11, 2026 1:09:04 PM io.github.stoicswe.eyeandsickle.client.log.ClientLogTest$Bound oldestAreDroppedAndCounted
INFO: line 160
Aug 11, 2026 1:09:04 PM io.github.stoicswe.eyeandsickle.client.log.ClientLogTest$Bound oldestAreDroppedAndCounted
INFO: line 161
Aug 11, 2026 1:09:04 PM io.github.stoicswe.eyeandsickle.client.log.ClientLogTest$Bound oldestAreDroppedAndCounted
INFO: line 162
Aug 11, 2026 1:09:04 PM io.github.stoicswe.eyeandsickle.client.log.ClientLogTest$Bound oldestAreDroppedAndCounted
INFO: line 163
Aug 11, 2026 1:09:04 PM io.github.stoicswe.eyeandsickle.client.log.ClientLogTest$Bound oldestAreDroppedAndCounted
INFO: line 164
Aug 11, 2026 1:09:04 PM io.github.stoicswe.eyeandsickle.client.log.ClientLogTest$Bound oldestAreDroppedAndCounted
INFO: line 165
Aug 11, 2026 1:09:04 PM io.github.stoicswe.eyeandsickle.client.log.ClientLogTest$Bound oldestAreDroppedAndCounted
INFO: line 166
Aug 11, 2026 1:09:04 PM io.github.stoicswe.eyeandsickle.client.log.ClientLogTest$Bound oldestAreDroppedAndCounted
INFO: line 167
Aug 11, 2026 1:09:04 PM io.github.stoicswe.eyeandsickle.client.log.ClientLogTest$Bound oldestAreDroppedAndCounted
INFO: line 168
Aug 11, 2026 1:09:04 PM io.github.stoicswe.eyeandsickle.client.log.ClientLogTest$Bound oldestAreDroppedAndCounted
INFO: line 169
Aug 11, 2026 1:09:04 PM io.github.stoicswe.eyeandsickle.client.log.ClientLogTest$Bound oldestAreDroppedAndCounted
INFO: line 170
Aug 11, 2026 1:09:04 PM io.github.stoicswe.eyeandsickle.client.log.ClientLogTest$Bound oldestAreDroppedAndCounted
INFO: line 171
Aug 11, 2026 1:09:04 PM io.github.stoicswe.eyeandsickle.client.log.ClientLogTest$Bound oldestAreDroppedAndCounted
INFO: line 172
Aug 11, 2026 1:09:04 PM io.github.stoicswe.eyeandsickle.client.log.ClientLogTest$Bound oldestAreDroppedAndCounted
INFO: line 173
Aug 11, 2026 1:09:04 PM io.github.stoicswe.eyeandsickle.client.log.ClientLogTest$Bound oldestAreDroppedAndCounted
INFO: line 174
Aug 11, 2026 1:09:04 PM io.github.stoicswe.eyeandsickle.client.log.ClientLogTest$Bound oldestAreDroppedAndCounted
INFO: line 175
Aug 11, 2026 1:09:04 PM io.github.stoicswe.eyeandsickle.client.log.ClientLogTest$Bound oldestAreDroppedAndCounted
INFO: line 176
Aug 11, 2026 1:09:04 PM io.github.stoicswe.eyeandsickle.client.log.ClientLogTest$Bound oldestAreDroppedAndCounted
INFO: line 177
Aug 11, 2026 1:09:04 PM io.github.stoicswe.eyeandsickle.client.log.ClientLogTest$Bound oldestAreDroppedAndCounted
INFO: line 178
Aug 11, 2026 1:09:04 PM io.github.stoicswe.eyeandsickle.client.log.ClientLogTest$Bound oldestAreDroppedAndCounted
INFO: line 179
Aug 11, 2026 1:09:04 PM io.github.stoicswe.eyeandsickle.client.log.ClientLogTest$Bound oldestAreDroppedAndCounted
INFO: line 180
Aug 11, 2026 1:09:04 PM io.github.stoicswe.eyeandsickle.client.log.ClientLogTest$Bound oldestAreDroppedAndCounted
INFO: line 181
Aug 11, 2026 1:09:04 PM io.github.stoicswe.eyeandsickle.client.log.ClientLogTest$Bound oldestAreDroppedAndCounted
INFO: line 182
Aug 11, 2026 1:09:04 PM io.github.stoicswe.eyeandsickle.client.log.ClientLogTest$Bound oldestAreDroppedAndCounted
INFO: line 183
Aug 11, 2026 1:09:04 PM io.github.stoicswe.eyeandsickle.client.log.ClientLogTest$Bound oldestAreDroppedAndCounted
INFO: line 184
Aug 11, 2026 1:09:04 PM io.github.stoicswe.eyeandsickle.client.log.ClientLogTest$Bound oldestAreDroppedAndCounted
INFO: line 185
Aug 11, 2026 1:09:04 PM io.github.stoicswe.eyeandsickle.client.log.ClientLogTest$Bound oldestAreDroppedAndCounted
INFO: line 186
Aug 11, 2026 1:09:04 PM io.github.stoicswe.eyeandsickle.client.log.ClientLogTest$Bound oldestAreDroppedAndCounted
INFO: line 187
Aug 11, 2026 1:09:04 PM io.github.stoicswe.eyeandsickle.client.log.ClientLogTest$Bound oldestAreDroppedAndCounted
INFO: line 188
Aug 11, 2026 1:09:04 PM io.github.stoicswe.eyeandsickle.client.log.ClientLogTest$Bound oldestAreDroppedAndCounted
INFO: line 189
Aug 11, 2026 1:09:04 PM io.github.stoicswe.eyeandsickle.client.log.ClientLogTest$Bound oldestAreDroppedAndCounted
INFO: line 190
Aug 11, 2026 1:09:04 PM io.github.stoicswe.eyeandsickle.client.log.ClientLogTest$Bound oldestAreDroppedAndCounted
INFO: line 191
Aug 11, 2026 1:09:04 PM io.github.stoicswe.eyeandsickle.client.log.ClientLogTest$Bound oldestAreDroppedAndCounted
INFO: line 192
Aug 11, 2026 1:09:04 PM io.github.stoicswe.eyeandsickle.client.log.ClientLogTest$Bound oldestAreDroppedAndCounted
INFO: line 193
Aug 11, 2026 1:09:04 PM io.github.stoicswe.eyeandsickle.client.log.ClientLogTest$Bound oldestAreDroppedAndCounted
INFO: line 194
Aug 11, 2026 1:09:04 PM io.github.stoicswe.eyeandsickle.client.log.ClientLogTest$Bound oldestAreDroppedAndCounted
INFO: line 195
Aug 11, 2026 1:09:04 PM io.github.stoicswe.eyeandsickle.client.log.ClientLogTest$Bound oldestAreDroppedAndCounted
INFO: line 196
Aug 11, 2026 1:09:04 PM io.github.stoicswe.eyeandsickle.client.log.ClientLogTest$Bound oldestAreDroppedAndCounted
INFO: line 197
Aug 11, 2026 1:09:04 PM io.github.stoicswe.eyeandsickle.client.log.ClientLogTest$Bound oldestAreDroppedAndCounted
INFO: line 198
Aug 11, 2026 1:09:04 PM io.github.stoicswe.eyeandsickle.client.log.ClientLogTest$Bound oldestAreDroppedAndCounted
INFO: line 199
Aug 11, 2026 1:09:04 PM io.github.stoicswe.eyeandsickle.client.log.ClientLogTest$Bound oldestAreDroppedAndCounted
INFO: line 200
Aug 11, 2026 1:09:04 PM io.github.stoicswe.eyeandsickle.client.log.ClientLogTest$Bound oldestAreDroppedAndCounted
INFO: line 201
Aug 11, 2026 1:09:04 PM io.github.stoicswe.eyeandsickle.client.log.ClientLogTest$Bound oldestAreDroppedAndCounted
INFO: line 202
Aug 11, 2026 1:09:04 PM io.github.stoicswe.eyeandsickle.client.log.ClientLogTest$Bound oldestAreDroppedAndCounted
INFO: line 203
Aug 11, 2026 1:09:04 PM io.github.stoicswe.eyeandsickle.client.log.ClientLogTest$Bound oldestAreDroppedAndCounted
INFO: line 204
Aug 11, 2026 1:09:04 PM io.github.stoicswe.eyeandsickle.client.log.ClientLogTest$Bound oldestAreDroppedAndCounted
INFO: line 205
Aug 11, 2026 1:09:04 PM io.github.stoicswe.eyeandsickle.client.log.ClientLogTest$Bound oldestAreDroppedAndCounted
INFO: line 206
Aug 11, 2026 1:09:04 PM io.github.stoicswe.eyeandsickle.client.log.ClientLogTest$Bound oldestAreDroppedAndCounted
INFO: line 207
Aug 11, 2026 1:09:04 PM io.github.stoicswe.eyeandsickle.client.log.ClientLogTest$Bound oldestAreDroppedAndCounted
INFO: line 208
Aug 11, 2026 1:09:04 PM io.github.stoicswe.eyeandsickle.client.log.ClientLogTest$Bound oldestAreDroppedAndCounted
INFO: line 209
Aug 11, 2026 1:09:04 PM io.github.stoicswe.eyeandsickle.client.log.ClientLogTest$Bound oldestAreDroppedAndCounted
INFO: line 210
Aug 11, 2026 1:09:04 PM io.github.stoicswe.eyeandsickle.client.log.ClientLogTest$Bound oldestAreDroppedAndCounted
INFO: line 211
Aug 11, 2026 1:09:04 PM io.github.stoicswe.eyeandsickle.client.log.ClientLogTest$Bound oldestAreDroppedAndCounted
INFO: line 212
Aug 11, 2026 1:09:04 PM io.github.stoicswe.eyeandsickle.client.log.ClientLogTest$Bound oldestAreDroppedAndCounted
INFO: line 213
Aug 11, 2026 1:09:04 PM io.github.stoicswe.eyeandsickle.client.log.ClientLogTest$Bound oldestAreDroppedAndCounted
INFO: line 214
Aug 11, 2026 1:09:04 PM io.github.stoicswe.eyeandsickle.client.log.ClientLogTest$Bound oldestAreDroppedAndCounted
INFO: line 215
Aug 11, 2026 1:09:04 PM io.github.stoicswe.eyeandsickle.client.log.ClientLogTest$Bound oldestAreDroppedAndCounted
INFO: line 216
Aug 11, 2026 1:09:04 PM io.github.stoicswe.eyeandsickle.client.log.ClientLogTest$Bound oldestAreDroppedAndCounted
INFO: line 217
Aug 11, 2026 1:09:04 PM io.github.stoicswe.eyeandsickle.client.log.ClientLogTest$Bound oldestAreDroppedAndCounted
INFO: line 218
Aug 11, 2026 1:09:04 PM io.github.stoicswe.eyeandsickle.client.log.ClientLogTest$Bound oldestAreDroppedAndCounted
INFO: line 219
Aug 11, 2026 1:09:04 PM io.github.stoicswe.eyeandsickle.client.log.ClientLogTest$Bound oldestAreDroppedAndCounted
INFO: line 220
Aug 11, 2026 1:09:04 PM io.github.stoicswe.eyeandsickle.client.log.ClientLogTest$Bound oldestAreDroppedAndCounted
INFO: line 221
Aug 11, 2026 1:09:04 PM io.github.stoicswe.eyeandsickle.client.log.ClientLogTest$Bound oldestAreDroppedAndCounted
INFO: line 222
Aug 11, 2026 1:09:04 PM io.github.stoicswe.eyeandsickle.client.log.ClientLogTest$Bound oldestAreDroppedAndCounted
INFO: line 223
Aug 11, 2026 1:09:04 PM io.github.stoicswe.eyeandsickle.client.log.ClientLogTest$Bound oldestAreDroppedAndCounted
INFO: line 224
Aug 11, 2026 1:09:04 PM io.github.stoicswe.eyeandsickle.client.log.ClientLogTest$Bound oldestAreDroppedAndCounted
INFO: line 225
Aug 11, 2026 1:09:04 PM io.github.stoicswe.eyeandsickle.client.log.ClientLogTest$Bound oldestAreDroppedAndCounted
INFO: line 226
Aug 11, 2026 1:09:04 PM io.github.stoicswe.eyeandsickle.client.log.ClientLogTest$Bound oldestAreDroppedAndCounted
INFO: line 227
Aug 11, 2026 1:09:04 PM io.github.stoicswe.eyeandsickle.client.log.ClientLogTest$Bound oldestAreDroppedAndCounted
INFO: line 228
Aug 11, 2026 1:09:04 PM io.github.stoicswe.eyeandsickle.client.log.ClientLogTest$Bound oldestAreDroppedAndCounted
INFO: line 229
Aug 11, 2026 1:09:04 PM io.github.stoicswe.eyeandsickle.client.log.ClientLogTest$Bound oldestAreDroppedAndCounted
INFO: line 230
Aug 11, 2026 1:09:04 PM io.github.stoicswe.eyeandsickle.client.log.ClientLogTest$Bound oldestAreDroppedAndCounted
INFO: line 231
Aug 11, 2026 1:09:04 PM io.github.stoicswe.eyeandsickle.client.log.ClientLogTest$Bound oldestAreDroppedAndCounted
INFO: line 232
Aug 11, 2026 1:09:04 PM io.github.stoicswe.eyeandsickle.client.log.ClientLogTest$Bound oldestAreDroppedAndCounted
INFO: line 233
Aug 11, 2026 1:09:04 PM io.github.stoicswe.eyeandsickle.client.log.ClientLogTest$Bound oldestAreDroppedAndCounted
INFO: line 234
Aug 11, 2026 1:09:04 PM io.github.stoicswe.eyeandsickle.client.log.ClientLogTest$Bound oldestAreDroppedAndCounted
INFO: line 235
Aug 11, 2026 1:09:04 PM io.github.stoicswe.eyeandsickle.client.log.ClientLogTest$Bound oldestAreDroppedAndCounted
INFO: line 236
Aug 11, 2026 1:09:04 PM io.github.stoicswe.eyeandsickle.client.log.ClientLogTest$Bound oldestAreDroppedAndCounted
INFO: line 237
Aug 11, 2026 1:09:04 PM io.github.stoicswe.eyeandsickle.client.log.ClientLogTest$Bound oldestAreDroppedAndCounted
INFO: line 238
Aug 11, 2026 1:09:04 PM io.github.stoicswe.eyeandsickle.client.log.ClientLogTest$Bound oldestAreDroppedAndCounted
INFO: line 239
Aug 11, 2026 1:09:04 PM io.github.stoicswe.eyeandsickle.client.log.ClientLogTest$Bound oldestAreDroppedAndCounted
INFO: line 240
Aug 11, 2026 1:09:04 PM io.github.stoicswe.eyeandsickle.client.log.ClientLogTest$Bound oldestAreDroppedAndCounted
INFO: line 241
Aug 11, 2026 1:09:04 PM io.github.stoicswe.eyeandsickle.client.log.ClientLogTest$Bound oldestAreDroppedAndCounted
INFO: line 242
Aug 11, 2026 1:09:04 PM io.github.stoicswe.eyeandsickle.client.log.ClientLogTest$Bound oldestAreDroppedAndCounted
INFO: line 243
Aug 11, 2026 1:09:04 PM io.github.stoicswe.eyeandsickle.client.log.ClientLogTest$Bound oldestAreDroppedAndCounted
INFO: line 244
Aug 11, 2026 1:09:04 PM io.github.stoicswe.eyeandsickle.client.log.ClientLogTest$Bound oldestAreDroppedAndCounted
INFO: line 245
Aug 11, 2026 1:09:04 PM io.github.stoicswe.eyeandsickle.client.log.ClientLogTest$Bound oldestAreDroppedAndCounted
INFO: line 246
Aug 11, 2026 1:09:04 PM io.github.stoicswe.eyeandsickle.client.log.ClientLogTest$Bound oldestAreDroppedAndCounted
INFO: line 247
Aug 11, 2026 1:09:04 PM io.github.stoicswe.eyeandsickle.client.log.ClientLogTest$Bound oldestAreDroppedAndCounted
INFO: line 248
Aug 11, 2026 1:09:04 PM io.github.stoicswe.eyeandsickle.client.log.ClientLogTest$Bound oldestAreDroppedAndCounted
INFO: line 249
Aug 11, 2026 1:09:04 PM io.github.stoicswe.eyeandsickle.client.log.ClientLogTest$Bound oldestAreDroppedAndCounted
INFO: line 250
Aug 11, 2026 1:09:04 PM io.github.stoicswe.eyeandsickle.client.log.ClientLogTest$Bound oldestAreDroppedAndCounted
INFO: line 251
Aug 11, 2026 1:09:04 PM io.github.stoicswe.eyeandsickle.client.log.ClientLogTest$Bound oldestAreDroppedAndCounted
INFO: line 252
Aug 11, 2026 1:09:04 PM io.github.stoicswe.eyeandsickle.client.log.ClientLogTest$Bound oldestAreDroppedAndCounted
INFO: line 253
Aug 11, 2026 1:09:04 PM io.github.stoicswe.eyeandsickle.client.log.ClientLogTest$Bound oldestAreDroppedAndCounted
INFO: line 254
Aug 11, 2026 1:09:04 PM io.github.stoicswe.eyeandsickle.client.log.ClientLogTest$Bound oldestAreDroppedAndCounted
INFO: line 255
Aug 11, 2026 1:09:04 PM io.github.stoicswe.eyeandsickle.client.log.ClientLogTest$Bound oldestAreDroppedAndCounted
INFO: line 256
Aug 11, 2026 1:09:04 PM io.github.stoicswe.eyeandsickle.client.log.ClientLogTest$Bound oldestAreDroppedAndCounted
INFO: line 257
Aug 11, 2026 1:09:04 PM io.github.stoicswe.eyeandsickle.client.log.ClientLogTest$Bound oldestAreDroppedAndCounted
INFO: line 258
Aug 11, 2026 1:09:04 PM io.github.stoicswe.eyeandsickle.client.log.ClientLogTest$Bound oldestAreDroppedAndCounted
INFO: line 259
Aug 11, 2026 1:09:04 PM io.github.stoicswe.eyeandsickle.client.log.ClientLogTest$Bound oldestAreDroppedAndCounted
INFO: line 260
Aug 11, 2026 1:09:04 PM io.github.stoicswe.eyeandsickle.client.log.ClientLogTest$Bound oldestAreDroppedAndCounted
INFO: line 261
Aug 11, 2026 1:09:04 PM io.github.stoicswe.eyeandsickle.client.log.ClientLogTest$Bound oldestAreDroppedAndCounted
INFO: line 262
Aug 11, 2026 1:09:04 PM io.github.stoicswe.eyeandsickle.client.log.ClientLogTest$Bound oldestAreDroppedAndCounted
INFO: line 263
Aug 11, 2026 1:09:04 PM io.github.stoicswe.eyeandsickle.client.log.ClientLogTest$Bound oldestAreDroppedAndCounted
INFO: line 264
Aug 11, 2026 1:09:04 PM io.github.stoicswe.eyeandsickle.client.log.ClientLogTest$Bound oldestAreDroppedAndCounted
INFO: line 265
Aug 11, 2026 1:09:04 PM io.github.stoicswe.eyeandsickle.client.log.ClientLogTest$Bound oldestAreDroppedAndCounted
INFO: line 266
Aug 11, 2026 1:09:04 PM io.github.stoicswe.eyeandsickle.client.log.ClientLogTest$Bound oldestAreDroppedAndCounted
INFO: line 267
Aug 11, 2026 1:09:04 PM io.github.stoicswe.eyeandsickle.client.log.ClientLogTest$Bound oldestAreDroppedAndCounted
INFO: line 268
Aug 11, 2026 1:09:04 PM io.github.stoicswe.eyeandsickle.client.log.ClientLogTest$Bound oldestAreDroppedAndCounted
INFO: line 269
Aug 11, 2026 1:09:04 PM io.github.stoicswe.eyeandsickle.client.log.ClientLogTest$Bound oldestAreDroppedAndCounted
INFO: line 270
Aug 11, 2026 1:09:04 PM io.github.stoicswe.eyeandsickle.client.log.ClientLogTest$Bound oldestAreDroppedAndCounted
INFO: line 271
Aug 11, 2026 1:09:04 PM io.github.stoicswe.eyeandsickle.client.log.ClientLogTest$Bound oldestAreDroppedAndCounted
INFO: line 272
Aug 11, 2026 1:09:04 PM io.github.stoicswe.eyeandsickle.client.log.ClientLogTest$Bound oldestAreDroppedAndCounted
INFO: line 273
Aug 11, 2026 1:09:04 PM io.github.stoicswe.eyeandsickle.client.log.ClientLogTest$Bound oldestAreDroppedAndCounted
INFO: line 274
Aug 11, 2026 1:09:04 PM io.github.stoicswe.eyeandsickle.client.log.ClientLogTest$Bound oldestAreDroppedAndCounted
INFO: line 275
Aug 11, 2026 1:09:04 PM io.github.stoicswe.eyeandsickle.client.log.ClientLogTest$Bound oldestAreDroppedAndCounted
INFO: line 276
Aug 11, 2026 1:09:04 PM io.github.stoicswe.eyeandsickle.client.log.ClientLogTest$Bound oldestAreDroppedAndCounted
INFO: line 277
Aug 11, 2026 1:09:04 PM io.github.stoicswe.eyeandsickle.client.log.ClientLogTest$Bound oldestAreDroppedAndCounted
INFO: line 278
Aug 11, 2026 1:09:04 PM io.github.stoicswe.eyeandsickle.client.log.ClientLogTest$Bound oldestAreDroppedAndCounted
INFO: line 279
Aug 11, 2026 1:09:04 PM io.github.stoicswe.eyeandsickle.client.log.ClientLogTest$Bound oldestAreDroppedAndCounted
INFO: line 280
Aug 11, 2026 1:09:04 PM io.github.stoicswe.eyeandsickle.client.log.ClientLogTest$Bound oldestAreDroppedAndCounted
INFO: line 281
Aug 11, 2026 1:09:04 PM io.github.stoicswe.eyeandsickle.client.log.ClientLogTest$Bound oldestAreDroppedAndCounted
INFO: line 282
Aug 11, 2026 1:09:04 PM io.github.stoicswe.eyeandsickle.client.log.ClientLogTest$Bound oldestAreDroppedAndCounted
INFO: line 283
Aug 11, 2026 1:09:04 PM io.github.stoicswe.eyeandsickle.client.log.ClientLogTest$Bound oldestAreDroppedAndCounted
INFO: line 284
Aug 11, 2026 1:09:04 PM io.github.stoicswe.eyeandsickle.client.log.ClientLogTest$Bound oldestAreDroppedAndCounted
INFO: line 285
Aug 11, 2026 1:09:04 PM io.github.stoicswe.eyeandsickle.client.log.ClientLogTest$Bound oldestAreDroppedAndCounted
INFO: line 286
Aug 11, 2026 1:09:04 PM io.github.stoicswe.eyeandsickle.client.log.ClientLogTest$Bound oldestAreDroppedAndCounted
INFO: line 287
Aug 11, 2026 1:09:04 PM io.github.stoicswe.eyeandsickle.client.log.ClientLogTest$Bound oldestAreDroppedAndCounted
INFO: line 288
Aug 11, 2026 1:09:04 PM io.github.stoicswe.eyeandsickle.client.log.ClientLogTest$Bound oldestAreDroppedAndCounted
INFO: line 289
Aug 11, 2026 1:09:04 PM io.github.stoicswe.eyeandsickle.client.log.ClientLogTest$Bound oldestAreDroppedAndCounted
INFO: line 290
Aug 11, 2026 1:09:04 PM io.github.stoicswe.eyeandsickle.client.log.ClientLogTest$Bound oldestAreDroppedAndCounted
INFO: line 291
Aug 11, 2026 1:09:04 PM io.github.stoicswe.eyeandsickle.client.log.ClientLogTest$Bound oldestAreDroppedAndCounted
INFO: line 292
Aug 11, 2026 1:09:04 PM io.github.stoicswe.eyeandsickle.client.log.ClientLogTest$Bound oldestAreDroppedAndCounted
INFO: line 293
Aug 11, 2026 1:09:04 PM io.github.stoicswe.eyeandsickle.client.log.ClientLogTest$Bound oldestAreDroppedAndCounted
INFO: line 294
Aug 11, 2026 1:09:04 PM io.github.stoicswe.eyeandsickle.client.log.ClientLogTest$Bound oldestAreDroppedAndCounted
INFO: line 295
Aug 11, 2026 1:09:04 PM io.github.stoicswe.eyeandsickle.client.log.ClientLogTest$Bound oldestAreDroppedAndCounted
INFO: line 296
Aug 11, 2026 1:09:04 PM io.github.stoicswe.eyeandsickle.client.log.ClientLogTest$Bound oldestAreDroppedAndCounted
INFO: line 297
Aug 11, 2026 1:09:04 PM io.github.stoicswe.eyeandsickle.client.log.ClientLogTest$Bound oldestAreDroppedAndCounted
INFO: line 298
Aug 11, 2026 1:09:04 PM io.github.stoicswe.eyeandsickle.client.log.ClientLogTest$Bound oldestAreDroppedAndCounted
INFO: line 299
Aug 11, 2026 1:09:04 PM io.github.stoicswe.eyeandsickle.client.log.ClientLogTest$Bound oldestAreDroppedAndCounted
INFO: line 300
Aug 11, 2026 1:09:04 PM io.github.stoicswe.eyeandsickle.client.log.ClientLogTest$Bound oldestAreDroppedAndCounted
INFO: line 301
Aug 11, 2026 1:09:04 PM io.github.stoicswe.eyeandsickle.client.log.ClientLogTest$Bound oldestAreDroppedAndCounted
INFO: line 302
Aug 11, 2026 1:09:04 PM io.github.stoicswe.eyeandsickle.client.log.ClientLogTest$Bound oldestAreDroppedAndCounted
INFO: line 303
Aug 11, 2026 1:09:04 PM io.github.stoicswe.eyeandsickle.client.log.ClientLogTest$Bound oldestAreDroppedAndCounted
INFO: line 304
Aug 11, 2026 1:09:04 PM io.github.stoicswe.eyeandsickle.client.log.ClientLogTest$Bound oldestAreDroppedAndCounted
INFO: line 305
Aug 11, 2026 1:09:04 PM io.github.stoicswe.eyeandsickle.client.log.ClientLogTest$Bound oldestAreDroppedAndCounted
INFO: line 306
Aug 11, 2026 1:09:04 PM io.github.stoicswe.eyeandsickle.client.log.ClientLogTest$Bound oldestAreDroppedAndCounted
INFO: line 307
Aug 11, 2026 1:09:04 PM io.github.stoicswe.eyeandsickle.client.log.ClientLogTest$Bound oldestAreDroppedAndCounted
INFO: line 308
Aug 11, 2026 1:09:04 PM io.github.stoicswe.eyeandsickle.client.log.ClientLogTest$Bound oldestAreDroppedAndCounted
INFO: line 309
Aug 11, 2026 1:09:04 PM io.github.stoicswe.eyeandsickle.client.log.ClientLogTest$Bound oldestAreDroppedAndCounted
INFO: line 310
Aug 11, 2026 1:09:04 PM io.github.stoicswe.eyeandsickle.client.log.ClientLogTest$Bound oldestAreDroppedAndCounted
INFO: line 311
Aug 11, 2026 1:09:04 PM io.github.stoicswe.eyeandsickle.client.log.ClientLogTest$Bound oldestAreDroppedAndCounted
INFO: line 312
Aug 11, 2026 1:09:04 PM io.github.stoicswe.eyeandsickle.client.log.ClientLogTest$Bound oldestAreDroppedAndCounted
INFO: line 313
Aug 11, 2026 1:09:04 PM io.github.stoicswe.eyeandsickle.client.log.ClientLogTest$Bound oldestAreDroppedAndCounted
INFO: line 314
Aug 11, 2026 1:09:04 PM io.github.stoicswe.eyeandsickle.client.log.ClientLogTest$Bound oldestAreDroppedAndCounted
INFO: line 315
Aug 11, 2026 1:09:04 PM io.github.stoicswe.eyeandsickle.client.log.ClientLogTest$Bound oldestAreDroppedAndCounted
INFO: line 316
Aug 11, 2026 1:09:04 PM io.github.stoicswe.eyeandsickle.client.log.ClientLogTest$Bound oldestAreDroppedAndCounted
INFO: line 317
Aug 11, 2026 1:09:04 PM io.github.stoicswe.eyeandsickle.client.log.ClientLogTest$Bound oldestAreDroppedAndCounted
INFO: line 318
Aug 11, 2026 1:09:04 PM io.github.stoicswe.eyeandsickle.client.log.ClientLogTest$Bound oldestAreDroppedAndCounted
INFO: line 319
Aug 11, 2026 1:09:04 PM io.github.stoicswe.eyeandsickle.client.log.ClientLogTest$Bound oldestAreDroppedAndCounted
INFO: line 320
Aug 11, 2026 1:09:04 PM io.github.stoicswe.eyeandsickle.client.log.ClientLogTest$Bound oldestAreDroppedAndCounted
INFO: line 321
Aug 11, 2026 1:09:04 PM io.github.stoicswe.eyeandsickle.client.log.ClientLogTest$Bound oldestAreDroppedAndCounted
INFO: line 322
Aug 11, 2026 1:09:04 PM io.github.stoicswe.eyeandsickle.client.log.ClientLogTest$Bound oldestAreDroppedAndCounted
INFO: line 323
Aug 11, 2026 1:09:04 PM io.github.stoicswe.eyeandsickle.client.log.ClientLogTest$Bound oldestAreDroppedAndCounted
INFO: line 324
Aug 11, 2026 1:09:04 PM io.github.stoicswe.eyeandsickle.client.log.ClientLogTest$Bound oldestAreDroppedAndCounted
INFO: line 325
Aug 11, 2026 1:09:04 PM io.github.stoicswe.eyeandsickle.client.log.ClientLogTest$Bound oldestAreDroppedAndCounted
INFO: line 326
Aug 11, 2026 1:09:04 PM io.github.stoicswe.eyeandsickle.client.log.ClientLogTest$Bound oldestAreDroppedAndCounted
INFO: line 327
Aug 11, 2026 1:09:04 PM io.github.stoicswe.eyeandsickle.client.log.ClientLogTest$Bound oldestAreDroppedAndCounted
INFO: line 328
Aug 11, 2026 1:09:04 PM io.github.stoicswe.eyeandsickle.client.log.ClientLogTest$Bound oldestAreDroppedAndCounted
INFO: line 329
Aug 11, 2026 1:09:04 PM io.github.stoicswe.eyeandsickle.client.log.ClientLogTest$Bound oldestAreDroppedAndCounted
INFO: line 330
Aug 11, 2026 1:09:04 PM io.github.stoicswe.eyeandsickle.client.log.ClientLogTest$Bound oldestAreDroppedAndCounted
INFO: line 331
Aug 11, 2026 1:09:04 PM io.github.stoicswe.eyeandsickle.client.log.ClientLogTest$Bound oldestAreDroppedAndCounted
INFO: line 332
Aug 11, 2026 1:09:04 PM io.github.stoicswe.eyeandsickle.client.log.ClientLogTest$Bound oldestAreDroppedAndCounted
INFO: line 333
Aug 11, 2026 1:09:04 PM io.github.stoicswe.eyeandsickle.client.log.ClientLogTest$Bound oldestAreDroppedAndCounted
INFO: line 334
Aug 11, 2026 1:09:04 PM io.github.stoicswe.eyeandsickle.client.log.ClientLogTest$Bound oldestAreDroppedAndCounted
INFO: line 335
Aug 11, 2026 1:09:04 PM io.github.stoicswe.eyeandsickle.client.log.ClientLogTest$Bound oldestAreDroppedAndCounted
INFO: line 336
Aug 11, 2026 1:09:04 PM io.github.stoicswe.eyeandsickle.client.log.ClientLogTest$Bound oldestAreDroppedAndCounted
INFO: line 337
Aug 11, 2026 1:09:04 PM io.github.stoicswe.eyeandsickle.client.log.ClientLogTest$Bound oldestAreDroppedAndCounted
INFO: line 338
Aug 11, 2026 1:09:04 PM io.github.stoicswe.eyeandsickle.client.log.ClientLogTest$Bound oldestAreDroppedAndCounted
INFO: line 339
Aug 11, 2026 1:09:04 PM io.github.stoicswe.eyeandsickle.client.log.ClientLogTest$Bound oldestAreDroppedAndCounted
INFO: line 340
Aug 11, 2026 1:09:04 PM io.github.stoicswe.eyeandsickle.client.log.ClientLogTest$Bound oldestAreDroppedAndCounted
INFO: line 341
Aug 11, 2026 1:09:04 PM io.github.stoicswe.eyeandsickle.client.log.ClientLogTest$Bound oldestAreDroppedAndCounted
INFO: line 342
Aug 11, 2026 1:09:04 PM io.github.stoicswe.eyeandsickle.client.log.ClientLogTest$Bound oldestAreDroppedAndCounted
INFO: line 343
Aug 11, 2026 1:09:04 PM io.github.stoicswe.eyeandsickle.client.log.ClientLogTest$Bound oldestAreDroppedAndCounted
INFO: line 344
Aug 11, 2026 1:09:04 PM io.github.stoicswe.eyeandsickle.client.log.ClientLogTest$Bound oldestAreDroppedAndCounted
INFO: line 345
Aug 11, 2026 1:09:04 PM io.github.stoicswe.eyeandsickle.client.log.ClientLogTest$Bound oldestAreDroppedAndCounted
INFO: line 346
Aug 11, 2026 1:09:04 PM io.github.stoicswe.eyeandsickle.client.log.ClientLogTest$Bound oldestAreDroppedAndCounted
INFO: line 347
Aug 11, 2026 1:09:04 PM io.github.stoicswe.eyeandsickle.client.log.ClientLogTest$Bound oldestAreDroppedAndCounted
INFO: line 348
Aug 11, 2026 1:09:04 PM io.github.stoicswe.eyeandsickle.client.log.ClientLogTest$Bound oldestAreDroppedAndCounted
INFO: line 349
Aug 11, 2026 1:09:04 PM io.github.stoicswe.eyeandsickle.client.log.ClientLogTest$Bound oldestAreDroppedAndCounted
INFO: line 350
Aug 11, 2026 1:09:04 PM io.github.stoicswe.eyeandsickle.client.log.ClientLogTest$Bound oldestAreDroppedAndCounted
INFO: line 351
Aug 11, 2026 1:09:04 PM io.github.stoicswe.eyeandsickle.client.log.ClientLogTest$Bound oldestAreDroppedAndCounted
INFO: line 352
Aug 11, 2026 1:09:04 PM io.github.stoicswe.eyeandsickle.client.log.ClientLogTest$Bound oldestAreDroppedAndCounted
INFO: line 353
Aug 11, 2026 1:09:04 PM io.github.stoicswe.eyeandsickle.client.log.ClientLogTest$Bound oldestAreDroppedAndCounted
INFO: line 354
Aug 11, 2026 1:09:04 PM io.github.stoicswe.eyeandsickle.client.log.ClientLogTest$Bound oldestAreDroppedAndCounted
INFO: line 355
Aug 11, 2026 1:09:04 PM io.github.stoicswe.eyeandsickle.client.log.ClientLogTest$Bound oldestAreDroppedAndCounted
INFO: line 356
Aug 11, 2026 1:09:04 PM io.github.stoicswe.eyeandsickle.client.log.ClientLogTest$Bound oldestAreDroppedAndCounted
INFO: line 357
Aug 11, 2026 1:09:04 PM io.github.stoicswe.eyeandsickle.client.log.ClientLogTest$Bound oldestAreDroppedAndCounted
INFO: line 358
Aug 11, 2026 1:09:04 PM io.github.stoicswe.eyeandsickle.client.log.ClientLogTest$Bound oldestAreDroppedAndCounted
INFO: line 359
Aug 11, 2026 1:09:04 PM io.github.stoicswe.eyeandsickle.client.log.ClientLogTest$Bound oldestAreDroppedAndCounted
INFO: line 360
Aug 11, 2026 1:09:04 PM io.github.stoicswe.eyeandsickle.client.log.ClientLogTest$Bound oldestAreDroppedAndCounted
INFO: line 361
Aug 11, 2026 1:09:04 PM io.github.stoicswe.eyeandsickle.client.log.ClientLogTest$Bound oldestAreDroppedAndCounted
INFO: line 362
Aug 11, 2026 1:09:04 PM io.github.stoicswe.eyeandsickle.client.log.ClientLogTest$Bound oldestAreDroppedAndCounted
INFO: line 363
Aug 11, 2026 1:09:04 PM io.github.stoicswe.eyeandsickle.client.log.ClientLogTest$Bound oldestAreDroppedAndCounted
INFO: line 364
Aug 11, 2026 1:09:04 PM io.github.stoicswe.eyeandsickle.client.log.ClientLogTest$Bound oldestAreDroppedAndCounted
INFO: line 365
Aug 11, 2026 1:09:04 PM io.github.stoicswe.eyeandsickle.client.log.ClientLogTest$Bound oldestAreDroppedAndCounted
INFO: line 366
Aug 11, 2026 1:09:04 PM io.github.stoicswe.eyeandsickle.client.log.ClientLogTest$Bound oldestAreDroppedAndCounted
INFO: line 367
Aug 11, 2026 1:09:04 PM io.github.stoicswe.eyeandsickle.client.log.ClientLogTest$Bound oldestAreDroppedAndCounted
INFO: line 368
Aug 11, 2026 1:09:04 PM io.github.stoicswe.eyeandsickle.client.log.ClientLogTest$Bound oldestAreDroppedAndCounted
INFO: line 369
Aug 11, 2026 1:09:04 PM io.github.stoicswe.eyeandsickle.client.log.ClientLogTest$Bound oldestAreDroppedAndCounted
INFO: line 370
Aug 11, 2026 1:09:04 PM io.github.stoicswe.eyeandsickle.client.log.ClientLogTest$Bound oldestAreDroppedAndCounted
INFO: line 371
Aug 11, 2026 1:09:04 PM io.github.stoicswe.eyeandsickle.client.log.ClientLogTest$Bound oldestAreDroppedAndCounted
INFO: line 372
Aug 11, 2026 1:09:04 PM io.github.stoicswe.eyeandsickle.client.log.ClientLogTest$Bound oldestAreDroppedAndCounted
INFO: line 373
Aug 11, 2026 1:09:04 PM io.github.stoicswe.eyeandsickle.client.log.ClientLogTest$Bound oldestAreDroppedAndCounted
INFO: line 374
Aug 11, 2026 1:09:04 PM io.github.stoicswe.eyeandsickle.client.log.ClientLogTest$Bound oldestAreDroppedAndCounted
INFO: line 375
Aug 11, 2026 1:09:04 PM io.github.stoicswe.eyeandsickle.client.log.ClientLogTest$Bound oldestAreDroppedAndCounted
INFO: line 376
Aug 11, 2026 1:09:04 PM io.github.stoicswe.eyeandsickle.client.log.ClientLogTest$Bound oldestAreDroppedAndCounted
INFO: line 377
Aug 11, 2026 1:09:04 PM io.github.stoicswe.eyeandsickle.client.log.ClientLogTest$Bound oldestAreDroppedAndCounted
INFO: line 378
Aug 11, 2026 1:09:04 PM io.github.stoicswe.eyeandsickle.client.log.ClientLogTest$Bound oldestAreDroppedAndCounted
INFO: line 379
Aug 11, 2026 1:09:04 PM io.github.stoicswe.eyeandsickle.client.log.ClientLogTest$Bound oldestAreDroppedAndCounted
INFO: line 380
Aug 11, 2026 1:09:04 PM io.github.stoicswe.eyeandsickle.client.log.ClientLogTest$Bound oldestAreDroppedAndCounted
INFO: line 381
Aug 11, 2026 1:09:04 PM io.github.stoicswe.eyeandsickle.client.log.ClientLogTest$Bound oldestAreDroppedAndCounted
INFO: line 382
Aug 11, 2026 1:09:04 PM io.github.stoicswe.eyeandsickle.client.log.ClientLogTest$Bound oldestAreDroppedAndCounted
INFO: line 383
Aug 11, 2026 1:09:04 PM io.github.stoicswe.eyeandsickle.client.log.ClientLogTest$Bound oldestAreDroppedAndCounted
INFO: line 384
Aug 11, 2026 1:09:04 PM io.github.stoicswe.eyeandsickle.client.log.ClientLogTest$Bound oldestAreDroppedAndCounted
INFO: line 385
Aug 11, 2026 1:09:04 PM io.github.stoicswe.eyeandsickle.client.log.ClientLogTest$Bound oldestAreDroppedAndCounted
INFO: line 386
Aug 11, 2026 1:09:04 PM io.github.stoicswe.eyeandsickle.client.log.ClientLogTest$Bound oldestAreDroppedAndCounted
INFO: line 387
Aug 11, 2026 1:09:04 PM io.github.stoicswe.eyeandsickle.client.log.ClientLogTest$Bound oldestAreDroppedAndCounted
INFO: line 388
Aug 11, 2026 1:09:04 PM io.github.stoicswe.eyeandsickle.client.log.ClientLogTest$Bound oldestAreDroppedAndCounted
INFO: line 389
Aug 11, 2026 1:09:04 PM io.github.stoicswe.eyeandsickle.client.log.ClientLogTest$Bound oldestAreDroppedAndCounted
INFO: line 390
Aug 11, 2026 1:09:04 PM io.github.stoicswe.eyeandsickle.client.log.ClientLogTest$Bound oldestAreDroppedAndCounted
INFO: line 391
Aug 11, 2026 1:09:04 PM io.github.stoicswe.eyeandsickle.client.log.ClientLogTest$Bound oldestAreDroppedAndCounted
INFO: line 392
Aug 11, 2026 1:09:04 PM io.github.stoicswe.eyeandsickle.client.log.ClientLogTest$Bound oldestAreDroppedAndCounted
INFO: line 393
Aug 11, 2026 1:09:04 PM io.github.stoicswe.eyeandsickle.client.log.ClientLogTest$Bound oldestAreDroppedAndCounted
INFO: line 394
Aug 11, 2026 1:09:04 PM io.github.stoicswe.eyeandsickle.client.log.ClientLogTest$Bound oldestAreDroppedAndCounted
INFO: line 395
Aug 11, 2026 1:09:04 PM io.github.stoicswe.eyeandsickle.client.log.ClientLogTest$Bound oldestAreDroppedAndCounted
INFO: line 396
Aug 11, 2026 1:09:04 PM io.github.stoicswe.eyeandsickle.client.log.ClientLogTest$Bound oldestAreDroppedAndCounted
INFO: line 397
Aug 11, 2026 1:09:04 PM io.github.stoicswe.eyeandsickle.client.log.ClientLogTest$Bound oldestAreDroppedAndCounted
INFO: line 398
Aug 11, 2026 1:09:04 PM io.github.stoicswe.eyeandsickle.client.log.ClientLogTest$Bound oldestAreDroppedAndCounted
INFO: line 399
Aug 11, 2026 1:09:04 PM io.github.stoicswe.eyeandsickle.client.log.ClientLogTest$Bound oldestAreDroppedAndCounted
INFO: line 400
Aug 11, 2026 1:09:04 PM io.github.stoicswe.eyeandsickle.client.log.ClientLogTest$Bound oldestAreDroppedAndCounted
INFO: line 401
Aug 11, 2026 1:09:04 PM io.github.stoicswe.eyeandsickle.client.log.ClientLogTest$Bound oldestAreDroppedAndCounted
INFO: line 402
Aug 11, 2026 1:09:04 PM io.github.stoicswe.eyeandsickle.client.log.ClientLogTest$Bound oldestAreDroppedAndCounted
INFO: line 403
Aug 11, 2026 1:09:04 PM io.github.stoicswe.eyeandsickle.client.log.ClientLogTest$Bound oldestAreDroppedAndCounted
INFO: line 404
Aug 11, 2026 1:09:04 PM io.github.stoicswe.eyeandsickle.client.log.ClientLogTest$Bound oldestAreDroppedAndCounted
INFO: line 405
Aug 11, 2026 1:09:04 PM io.github.stoicswe.eyeandsickle.client.log.ClientLogTest$Bound oldestAreDroppedAndCounted
INFO: line 406
Aug 11, 2026 1:09:04 PM io.github.stoicswe.eyeandsickle.client.log.ClientLogTest$Bound oldestAreDroppedAndCounted
INFO: line 407
Aug 11, 2026 1:09:04 PM io.github.stoicswe.eyeandsickle.client.log.ClientLogTest$Bound oldestAreDroppedAndCounted
INFO: line 408
Aug 11, 2026 1:09:04 PM io.github.stoicswe.eyeandsickle.client.log.ClientLogTest$Bound oldestAreDroppedAndCounted
INFO: line 409
Aug 11, 2026 1:09:04 PM io.github.stoicswe.eyeandsickle.client.log.ClientLogTest$Bound oldestAreDroppedAndCounted
INFO: line 410
Aug 11, 2026 1:09:04 PM io.github.stoicswe.eyeandsickle.client.log.ClientLogTest$Bound oldestAreDroppedAndCounted
INFO: line 411
Aug 11, 2026 1:09:04 PM io.github.stoicswe.eyeandsickle.client.log.ClientLogTest$Bound oldestAreDroppedAndCounted
INFO: line 412
Aug 11, 2026 1:09:04 PM io.github.stoicswe.eyeandsickle.client.log.ClientLogTest$Bound oldestAreDroppedAndCounted
INFO: line 413
Aug 11, 2026 1:09:04 PM io.github.stoicswe.eyeandsickle.client.log.ClientLogTest$Bound oldestAreDroppedAndCounted
INFO: line 414
Aug 11, 2026 1:09:04 PM io.github.stoicswe.eyeandsickle.client.log.ClientLogTest$Bound oldestAreDroppedAndCounted
INFO: line 415
Aug 11, 2026 1:09:04 PM io.github.stoicswe.eyeandsickle.client.log.ClientLogTest$Bound oldestAreDroppedAndCounted
INFO: line 416
Aug 11, 2026 1:09:04 PM io.github.stoicswe.eyeandsickle.client.log.ClientLogTest$Bound oldestAreDroppedAndCounted
INFO: line 417
Aug 11, 2026 1:09:04 PM io.github.stoicswe.eyeandsickle.client.log.ClientLogTest$Bound oldestAreDroppedAndCounted
INFO: line 418
Aug 11, 2026 1:09:04 PM io.github.stoicswe.eyeandsickle.client.log.ClientLogTest$Bound oldestAreDroppedAndCounted
INFO: line 419
Aug 11, 2026 1:09:04 PM io.github.stoicswe.eyeandsickle.client.log.ClientLogTest$Bound oldestAreDroppedAndCounted
INFO: line 420
Aug 11, 2026 1:09:04 PM io.github.stoicswe.eyeandsickle.client.log.ClientLogTest$Bound oldestAreDroppedAndCounted
INFO: line 421
Aug 11, 2026 1:09:04 PM io.github.stoicswe.eyeandsickle.client.log.ClientLogTest$Bound oldestAreDroppedAndCounted
INFO: line 422
Aug 11, 2026 1:09:04 PM io.github.stoicswe.eyeandsickle.client.log.ClientLogTest$Bound oldestAreDroppedAndCounted
INFO: line 423
Aug 11, 2026 1:09:04 PM io.github.stoicswe.eyeandsickle.client.log.ClientLogTest$Bound oldestAreDroppedAndCounted
INFO: line 424
Aug 11, 2026 1:09:04 PM io.github.stoicswe.eyeandsickle.client.log.ClientLogTest$Bound oldestAreDroppedAndCounted
INFO: line 425
Aug 11, 2026 1:09:04 PM io.github.stoicswe.eyeandsickle.client.log.ClientLogTest$Bound oldestAreDroppedAndCounted
INFO: line 426
Aug 11, 2026 1:09:04 PM io.github.stoicswe.eyeandsickle.client.log.ClientLogTest$Bound oldestAreDroppedAndCounted
INFO: line 427
Aug 11, 2026 1:09:04 PM io.github.stoicswe.eyeandsickle.client.log.ClientLogTest$Bound oldestAreDroppedAndCounted
INFO: line 428
Aug 11, 2026 1:09:04 PM io.github.stoicswe.eyeandsickle.client.log.ClientLogTest$Bound oldestAreDroppedAndCounted
INFO: line 429
Aug 11, 2026 1:09:04 PM io.github.stoicswe.eyeandsickle.client.log.ClientLogTest$Bound oldestAreDroppedAndCounted
INFO: line 430
Aug 11, 2026 1:09:04 PM io.github.stoicswe.eyeandsickle.client.log.ClientLogTest$Bound oldestAreDroppedAndCounted
INFO: line 431
Aug 11, 2026 1:09:04 PM io.github.stoicswe.eyeandsickle.client.log.ClientLogTest$Bound oldestAreDroppedAndCounted
INFO: line 432
Aug 11, 2026 1:09:04 PM io.github.stoicswe.eyeandsickle.client.log.ClientLogTest$Bound oldestAreDroppedAndCounted
INFO: line 433
Aug 11, 2026 1:09:04 PM io.github.stoicswe.eyeandsickle.client.log.ClientLogTest$Bound oldestAreDroppedAndCounted
INFO: line 434
Aug 11, 2026 1:09:04 PM io.github.stoicswe.eyeandsickle.client.log.ClientLogTest$Bound oldestAreDroppedAndCounted
INFO: line 435
Aug 11, 2026 1:09:04 PM io.github.stoicswe.eyeandsickle.client.log.ClientLogTest$Bound oldestAreDroppedAndCounted
INFO: line 436
Aug 11, 2026 1:09:04 PM io.github.stoicswe.eyeandsickle.client.log.ClientLogTest$Bound oldestAreDroppedAndCounted
INFO: line 437
Aug 11, 2026 1:09:04 PM io.github.stoicswe.eyeandsickle.client.log.ClientLogTest$Bound oldestAreDroppedAndCounted
INFO: line 438
Aug 11, 2026 1:09:04 PM io.github.stoicswe.eyeandsickle.client.log.ClientLogTest$Bound oldestAreDroppedAndCounted
INFO: line 439
Aug 11, 2026 1:09:04 PM io.github.stoicswe.eyeandsickle.client.log.ClientLogTest$Bound oldestAreDroppedAndCounted
INFO: line 440
Aug 11, 2026 1:09:04 PM io.github.stoicswe.eyeandsickle.client.log.ClientLogTest$Bound oldestAreDroppedAndCounted
INFO: line 441
Aug 11, 2026 1:09:04 PM io.github.stoicswe.eyeandsickle.client.log.ClientLogTest$Bound oldestAreDroppedAndCounted
INFO: line 442
Aug 11, 2026 1:09:04 PM io.github.stoicswe.eyeandsickle.client.log.ClientLogTest$Bound oldestAreDroppedAndCounted
INFO: line 443
Aug 11, 2026 1:09:04 PM io.github.stoicswe.eyeandsickle.client.log.ClientLogTest$Bound oldestAreDroppedAndCounted
INFO: line 444
Aug 11, 2026 1:09:04 PM io.github.stoicswe.eyeandsickle.client.log.ClientLogTest$Bound oldestAreDroppedAndCounted
INFO: line 445
Aug 11, 2026 1:09:04 PM io.github.stoicswe.eyeandsickle.client.log.ClientLogTest$Bound oldestAreDroppedAndCounted
INFO: line 446
Aug 11, 2026 1:09:04 PM io.github.stoicswe.eyeandsickle.client.log.ClientLogTest$Bound oldestAreDroppedAndCounted
INFO: line 447
Aug 11, 2026 1:09:04 PM io.github.stoicswe.eyeandsickle.client.log.ClientLogTest$Bound oldestAreDroppedAndCounted
INFO: line 448
Aug 11, 2026 1:09:04 PM io.github.stoicswe.eyeandsickle.client.log.ClientLogTest$Bound oldestAreDroppedAndCounted
INFO: line 449
Aug 11, 2026 1:09:04 PM io.github.stoicswe.eyeandsickle.client.log.ClientLogTest$Bound oldestAreDroppedAndCounted
INFO: line 450
Aug 11, 2026 1:09:04 PM io.github.stoicswe.eyeandsickle.client.log.ClientLogTest$Bound oldestAreDroppedAndCounted
INFO: line 451
Aug 11, 2026 1:09:04 PM io.github.stoicswe.eyeandsickle.client.log.ClientLogTest$Bound oldestAreDroppedAndCounted
INFO: line 452
Aug 11, 2026 1:09:04 PM io.github.stoicswe.eyeandsickle.client.log.ClientLogTest$Bound oldestAreDroppedAndCounted
INFO: line 453
Aug 11, 2026 1:09:04 PM io.github.stoicswe.eyeandsickle.client.log.ClientLogTest$Bound oldestAreDroppedAndCounted
INFO: line 454
Aug 11, 2026 1:09:04 PM io.github.stoicswe.eyeandsickle.client.log.ClientLogTest$Bound oldestAreDroppedAndCounted
INFO: line 455
Aug 11, 2026 1:09:04 PM io.github.stoicswe.eyeandsickle.client.log.ClientLogTest$Bound oldestAreDroppedAndCounted
INFO: line 456
Aug 11, 2026 1:09:04 PM io.github.stoicswe.eyeandsickle.client.log.ClientLogTest$Bound oldestAreDroppedAndCounted
INFO: line 457
Aug 11, 2026 1:09:04 PM io.github.stoicswe.eyeandsickle.client.log.ClientLogTest$Bound oldestAreDroppedAndCounted
INFO: line 458
Aug 11, 2026 1:09:04 PM io.github.stoicswe.eyeandsickle.client.log.ClientLogTest$Bound oldestAreDroppedAndCounted
INFO: line 459
Aug 11, 2026 1:09:04 PM io.github.stoicswe.eyeandsickle.client.log.ClientLogTest$Bound oldestAreDroppedAndCounted
INFO: line 460
Aug 11, 2026 1:09:04 PM io.github.stoicswe.eyeandsickle.client.log.ClientLogTest$Bound oldestAreDroppedAndCounted
INFO: line 461
Aug 11, 2026 1:09:04 PM io.github.stoicswe.eyeandsickle.client.log.ClientLogTest$Bound oldestAreDroppedAndCounted
INFO: line 462
Aug 11, 2026 1:09:04 PM io.github.stoicswe.eyeandsickle.client.log.ClientLogTest$Bound oldestAreDroppedAndCounted
INFO: line 463
Aug 11, 2026 1:09:04 PM io.github.stoicswe.eyeandsickle.client.log.ClientLogTest$Bound oldestAreDroppedAndCounted
INFO: line 464
Aug 11, 2026 1:09:04 PM io.github.stoicswe.eyeandsickle.client.log.ClientLogTest$Bound oldestAreDroppedAndCounted
INFO: line 465
Aug 11, 2026 1:09:04 PM io.github.stoicswe.eyeandsickle.client.log.ClientLogTest$Bound oldestAreDroppedAndCounted
INFO: line 466
Aug 11, 2026 1:09:04 PM io.github.stoicswe.eyeandsickle.client.log.ClientLogTest$Bound oldestAreDroppedAndCounted
INFO: line 467
Aug 11, 2026 1:09:04 PM io.github.stoicswe.eyeandsickle.client.log.ClientLogTest$Bound oldestAreDroppedAndCounted
INFO: line 468
Aug 11, 2026 1:09:04 PM io.github.stoicswe.eyeandsickle.client.log.ClientLogTest$Bound oldestAreDroppedAndCounted
INFO: line 469
Aug 11, 2026 1:09:04 PM io.github.stoicswe.eyeandsickle.client.log.ClientLogTest$Bound oldestAreDroppedAndCounted
INFO: line 470
Aug 11, 2026 1:09:04 PM io.github.stoicswe.eyeandsickle.client.log.ClientLogTest$Bound oldestAreDroppedAndCounted
INFO: line 471
Aug 11, 2026 1:09:04 PM io.github.stoicswe.eyeandsickle.client.log.ClientLogTest$Bound oldestAreDroppedAndCounted
INFO: line 472
Aug 11, 2026 1:09:04 PM io.github.stoicswe.eyeandsickle.client.log.ClientLogTest$Bound oldestAreDroppedAndCounted
INFO: line 473
Aug 11, 2026 1:09:04 PM io.github.stoicswe.eyeandsickle.client.log.ClientLogTest$Bound oldestAreDroppedAndCounted
INFO: line 474
Aug 11, 2026 1:09:04 PM io.github.stoicswe.eyeandsickle.client.log.ClientLogTest$Bound oldestAreDroppedAndCounted
INFO: line 475
Aug 11, 2026 1:09:04 PM io.github.stoicswe.eyeandsickle.client.log.ClientLogTest$Bound oldestAreDroppedAndCounted
INFO: line 476
Aug 11, 2026 1:09:04 PM io.github.stoicswe.eyeandsickle.client.log.ClientLogTest$Bound oldestAreDroppedAndCounted
INFO: line 477
Aug 11, 2026 1:09:04 PM io.github.stoicswe.eyeandsickle.client.log.ClientLogTest$Bound oldestAreDroppedAndCounted
INFO: line 478
Aug 11, 2026 1:09:04 PM io.github.stoicswe.eyeandsickle.client.log.ClientLogTest$Bound oldestAreDroppedAndCounted
INFO: line 479
Aug 11, 2026 1:09:04 PM io.github.stoicswe.eyeandsickle.client.log.ClientLogTest$Bound oldestAreDroppedAndCounted
INFO: line 480
Aug 11, 2026 1:09:04 PM io.github.stoicswe.eyeandsickle.client.log.ClientLogTest$Bound oldestAreDroppedAndCounted
INFO: line 481
Aug 11, 2026 1:09:04 PM io.github.stoicswe.eyeandsickle.client.log.ClientLogTest$Bound oldestAreDroppedAndCounted
INFO: line 482
Aug 11, 2026 1:09:04 PM io.github.stoicswe.eyeandsickle.client.log.ClientLogTest$Bound oldestAreDroppedAndCounted
INFO: line 483
Aug 11, 2026 1:09:04 PM io.github.stoicswe.eyeandsickle.client.log.ClientLogTest$Bound oldestAreDroppedAndCounted
INFO: line 484
Aug 11, 2026 1:09:04 PM io.github.stoicswe.eyeandsickle.client.log.ClientLogTest$Bound oldestAreDroppedAndCounted
INFO: line 485
Aug 11, 2026 1:09:04 PM io.github.stoicswe.eyeandsickle.client.log.ClientLogTest$Bound oldestAreDroppedAndCounted
INFO: line 486
Aug 11, 2026 1:09:04 PM io.github.stoicswe.eyeandsickle.client.log.ClientLogTest$Bound oldestAreDroppedAndCounted
INFO: line 487
Aug 11, 2026 1:09:04 PM io.github.stoicswe.eyeandsickle.client.log.ClientLogTest$Bound oldestAreDroppedAndCounted
INFO: line 488
Aug 11, 2026 1:09:04 PM io.github.stoicswe.eyeandsickle.client.log.ClientLogTest$Bound oldestAreDroppedAndCounted
INFO: line 489
Aug 11, 2026 1:09:04 PM io.github.stoicswe.eyeandsickle.client.log.ClientLogTest$Bound oldestAreDroppedAndCounted
INFO: line 490
Aug 11, 2026 1:09:04 PM io.github.stoicswe.eyeandsickle.client.log.ClientLogTest$Bound oldestAreDroppedAndCounted
INFO: line 491
Aug 11, 2026 1:09:04 PM io.github.stoicswe.eyeandsickle.client.log.ClientLogTest$Bound oldestAreDroppedAndCounted
INFO: line 492
Aug 11, 2026 1:09:04 PM io.github.stoicswe.eyeandsickle.client.log.ClientLogTest$Bound oldestAreDroppedAndCounted
INFO: line 493
Aug 11, 2026 1:09:04 PM io.github.stoicswe.eyeandsickle.client.log.ClientLogTest$Bound oldestAreDroppedAndCounted
INFO: line 494
Aug 11, 2026 1:09:04 PM io.github.stoicswe.eyeandsickle.client.log.ClientLogTest$Bound oldestAreDroppedAndCounted
INFO: line 495
Aug 11, 2026 1:09:04 PM io.github.stoicswe.eyeandsickle.client.log.ClientLogTest$Bound oldestAreDroppedAndCounted
INFO: line 496
Aug 11, 2026 1:09:04 PM io.github.stoicswe.eyeandsickle.client.log.ClientLogTest$Bound oldestAreDroppedAndCounted
INFO: line 497
Aug 11, 2026 1:09:04 PM io.github.stoicswe.eyeandsickle.client.log.ClientLogTest$Bound oldestAreDroppedAndCounted
INFO: line 498
Aug 11, 2026 1:09:04 PM io.github.stoicswe.eyeandsickle.client.log.ClientLogTest$Bound oldestAreDroppedAndCounted
INFO: line 499
Aug 11, 2026 1:09:04 PM io.github.stoicswe.eyeandsickle.client.log.ClientLogTest$Bound oldestAreDroppedAndCounted
INFO: line 500
Aug 11, 2026 1:09:04 PM io.github.stoicswe.eyeandsickle.client.log.ClientLogTest$Bound oldestAreDroppedAndCounted
INFO: line 501
Aug 11, 2026 1:09:04 PM io.github.stoicswe.eyeandsickle.client.log.ClientLogTest$Bound oldestAreDroppedAndCounted
INFO: line 502
Aug 11, 2026 1:09:04 PM io.github.stoicswe.eyeandsickle.client.log.ClientLogTest$Bound oldestAreDroppedAndCounted
INFO: line 503
Aug 11, 2026 1:09:04 PM io.github.stoicswe.eyeandsickle.client.log.ClientLogTest$Bound oldestAreDroppedAndCounted
INFO: line 504
Aug 11, 2026 1:09:04 PM io.github.stoicswe.eyeandsickle.client.log.ClientLogTest$Bound oldestAreDroppedAndCounted
INFO: line 505
Aug 11, 2026 1:09:04 PM io.github.stoicswe.eyeandsickle.client.log.ClientLogTest$Bound oldestAreDroppedAndCounted
INFO: line 506
Aug 11, 2026 1:09:04 PM io.github.stoicswe.eyeandsickle.client.log.ClientLogTest$Bound oldestAreDroppedAndCounted
INFO: line 507
Aug 11, 2026 1:09:04 PM io.github.stoicswe.eyeandsickle.client.log.ClientLogTest$Bound oldestAreDroppedAndCounted
INFO: line 508
Aug 11, 2026 1:09:04 PM io.github.stoicswe.eyeandsickle.client.log.ClientLogTest$Bound oldestAreDroppedAndCounted
INFO: line 509
Aug 11, 2026 1:09:04 PM io.github.stoicswe.eyeandsickle.client.log.ClientLogTest$Bound oldestAreDroppedAndCounted
INFO: line 510
Aug 11, 2026 1:09:04 PM io.github.stoicswe.eyeandsickle.client.log.ClientLogTest$Bound oldestAreDroppedAndCounted
INFO: line 511
Aug 11, 2026 1:09:04 PM io.github.stoicswe.eyeandsickle.client.log.ClientLogTest$Bound oldestAreDroppedAndCounted
INFO: line 512
Aug 11, 2026 1:09:04 PM io.github.stoicswe.eyeandsickle.client.log.ClientLogTest$Bound oldestAreDroppedAndCounted
INFO: line 513
Aug 11, 2026 1:09:04 PM io.github.stoicswe.eyeandsickle.client.log.ClientLogTest$Bound oldestAreDroppedAndCounted
INFO: line 514
Aug 11, 2026 1:09:04 PM io.github.stoicswe.eyeandsickle.client.log.ClientLogTest$Bound oldestAreDroppedAndCounted
INFO: line 515
Aug 11, 2026 1:09:04 PM io.github.stoicswe.eyeandsickle.client.log.ClientLogTest$Bound oldestAreDroppedAndCounted
INFO: line 516
Aug 11, 2026 1:09:04 PM io.github.stoicswe.eyeandsickle.client.log.ClientLogTest$Bound oldestAreDroppedAndCounted
INFO: line 517
Aug 11, 2026 1:09:04 PM io.github.stoicswe.eyeandsickle.client.log.ClientLogTest$Bound oldestAreDroppedAndCounted
INFO: line 518
Aug 11, 2026 1:09:04 PM io.github.stoicswe.eyeandsickle.client.log.ClientLogTest$Bound oldestAreDroppedAndCounted
INFO: line 519
Aug 11, 2026 1:09:04 PM io.github.stoicswe.eyeandsickle.client.log.ClientLogTest$Bound oldestAreDroppedAndCounted
INFO: line 520
Aug 11, 2026 1:09:04 PM io.github.stoicswe.eyeandsickle.client.log.ClientLogTest$Bound oldestAreDroppedAndCounted
INFO: line 521
Aug 11, 2026 1:09:04 PM io.github.stoicswe.eyeandsickle.client.log.ClientLogTest$Bound oldestAreDroppedAndCounted
INFO: line 522
Aug 11, 2026 1:09:04 PM io.github.stoicswe.eyeandsickle.client.log.ClientLogTest$Bound oldestAreDroppedAndCounted
INFO: line 523
Aug 11, 2026 1:09:04 PM io.github.stoicswe.eyeandsickle.client.log.ClientLogTest$Bound oldestAreDroppedAndCounted
INFO: line 524
Aug 11, 2026 1:09:04 PM io.github.stoicswe.eyeandsickle.client.log.ClientLogTest$Bound oldestAreDroppedAndCounted
INFO: line 525
Aug 11, 2026 1:09:04 PM io.github.stoicswe.eyeandsickle.client.log.ClientLogTest$Bound oldestAreDroppedAndCounted
INFO: line 526
Aug 11, 2026 1:09:04 PM io.github.stoicswe.eyeandsickle.client.log.ClientLogTest$Bound oldestAreDroppedAndCounted
INFO: line 527
Aug 11, 2026 1:09:04 PM io.github.stoicswe.eyeandsickle.client.log.ClientLogTest$Bound oldestAreDroppedAndCounted
INFO: line 528
Aug 11, 2026 1:09:04 PM io.github.stoicswe.eyeandsickle.client.log.ClientLogTest$Bound oldestAreDroppedAndCounted
INFO: line 529
Aug 11, 2026 1:09:04 PM io.github.stoicswe.eyeandsickle.client.log.ClientLogTest$Bound oldestAreDroppedAndCounted
INFO: line 530
Aug 11, 2026 1:09:04 PM io.github.stoicswe.eyeandsickle.client.log.ClientLogTest$Bound oldestAreDroppedAndCounted
INFO: line 531
Aug 11, 2026 1:09:04 PM io.github.stoicswe.eyeandsickle.client.log.ClientLogTest$Bound oldestAreDroppedAndCounted
INFO: line 532
Aug 11, 2026 1:09:04 PM io.github.stoicswe.eyeandsickle.client.log.ClientLogTest$Bound oldestAreDroppedAndCounted
INFO: line 533
Aug 11, 2026 1:09:04 PM io.github.stoicswe.eyeandsickle.client.log.ClientLogTest$Bound oldestAreDroppedAndCounted
INFO: line 534
Aug 11, 2026 1:09:04 PM io.github.stoicswe.eyeandsickle.client.log.ClientLogTest$Bound oldestAreDroppedAndCounted
INFO: line 535
Aug 11, 2026 1:09:04 PM io.github.stoicswe.eyeandsickle.client.log.ClientLogTest$Bound oldestAreDroppedAndCounted
INFO: line 536
Aug 11, 2026 1:09:04 PM io.github.stoicswe.eyeandsickle.client.log.ClientLogTest$Bound oldestAreDroppedAndCounted
INFO: line 537
Aug 11, 2026 1:09:04 PM io.github.stoicswe.eyeandsickle.client.log.ClientLogTest$Bound oldestAreDroppedAndCounted
INFO: line 538
Aug 11, 2026 1:09:04 PM io.github.stoicswe.eyeandsickle.client.log.ClientLogTest$Bound oldestAreDroppedAndCounted
INFO: line 539
Aug 11, 2026 1:09:04 PM io.github.stoicswe.eyeandsickle.client.log.ClientLogTest$Bound oldestAreDroppedAndCounted
INFO: line 540
Aug 11, 2026 1:09:04 PM io.github.stoicswe.eyeandsickle.client.log.ClientLogTest$Bound oldestAreDroppedAndCounted
INFO: line 541
Aug 11, 2026 1:09:04 PM io.github.stoicswe.eyeandsickle.client.log.ClientLogTest$Bound oldestAreDroppedAndCounted
INFO: line 542
Aug 11, 2026 1:09:04 PM io.github.stoicswe.eyeandsickle.client.log.ClientLogTest$Bound oldestAreDroppedAndCounted
INFO: line 543
Aug 11, 2026 1:09:04 PM io.github.stoicswe.eyeandsickle.client.log.ClientLogTest$Bound oldestAreDroppedAndCounted
INFO: line 544
Aug 11, 2026 1:09:04 PM io.github.stoicswe.eyeandsickle.client.log.ClientLogTest$Bound oldestAreDroppedAndCounted
INFO: line 545
Aug 11, 2026 1:09:04 PM io.github.stoicswe.eyeandsickle.client.log.ClientLogTest$Bound oldestAreDroppedAndCounted
INFO: line 546
Aug 11, 2026 1:09:04 PM io.github.stoicswe.eyeandsickle.client.log.ClientLogTest$Bound oldestAreDroppedAndCounted
INFO: line 547
Aug 11, 2026 1:09:04 PM io.github.stoicswe.eyeandsickle.client.log.ClientLogTest$Bound oldestAreDroppedAndCounted
INFO: line 548
Aug 11, 2026 1:09:04 PM io.github.stoicswe.eyeandsickle.client.log.ClientLogTest$Bound oldestAreDroppedAndCounted
INFO: line 549
Aug 11, 2026 1:09:04 PM io.github.stoicswe.eyeandsickle.client.log.ClientLogTest$Bound oldestAreDroppedAndCounted
INFO: line 550
Aug 11, 2026 1:09:04 PM io.github.stoicswe.eyeandsickle.client.log.ClientLogTest$Bound oldestAreDroppedAndCounted
INFO: line 551
Aug 11, 2026 1:09:04 PM io.github.stoicswe.eyeandsickle.client.log.ClientLogTest$Bound oldestAreDroppedAndCounted
INFO: line 552
Aug 11, 2026 1:09:04 PM io.github.stoicswe.eyeandsickle.client.log.ClientLogTest$Bound oldestAreDroppedAndCounted
INFO: line 553
Aug 11, 2026 1:09:04 PM io.github.stoicswe.eyeandsickle.client.log.ClientLogTest$Bound oldestAreDroppedAndCounted
INFO: line 554
Aug 11, 2026 1:09:04 PM io.github.stoicswe.eyeandsickle.client.log.ClientLogTest$Bound oldestAreDroppedAndCounted
INFO: line 555
Aug 11, 2026 1:09:04 PM io.github.stoicswe.eyeandsickle.client.log.ClientLogTest$Bound oldestAreDroppedAndCounted
INFO: line 556
Aug 11, 2026 1:09:04 PM io.github.stoicswe.eyeandsickle.client.log.ClientLogTest$Bound oldestAreDroppedAndCounted
INFO: line 557
Aug 11, 2026 1:09:04 PM io.github.stoicswe.eyeandsickle.client.log.ClientLogTest$Bound oldestAreDroppedAndCounted
INFO: line 558
Aug 11, 2026 1:09:04 PM io.github.stoicswe.eyeandsickle.client.log.ClientLogTest$Bound oldestAreDroppedAndCounted
INFO: line 559
Aug 11, 2026 1:09:04 PM io.github.stoicswe.eyeandsickle.client.log.ClientLogTest$Bound oldestAreDroppedAndCounted
INFO: line 560
Aug 11, 2026 1:09:04 PM io.github.stoicswe.eyeandsickle.client.log.ClientLogTest$Bound oldestAreDroppedAndCounted
INFO: line 561
Aug 11, 2026 1:09:04 PM io.github.stoicswe.eyeandsickle.client.log.ClientLogTest$Bound oldestAreDroppedAndCounted
INFO: line 562
Aug 11, 2026 1:09:04 PM io.github.stoicswe.eyeandsickle.client.log.ClientLogTest$Bound oldestAreDroppedAndCounted
INFO: line 563
Aug 11, 2026 1:09:04 PM io.github.stoicswe.eyeandsickle.client.log.ClientLogTest$Bound oldestAreDroppedAndCounted
INFO: line 564
Aug 11, 2026 1:09:04 PM io.github.stoicswe.eyeandsickle.client.log.ClientLogTest$Bound oldestAreDroppedAndCounted
INFO: line 565
Aug 11, 2026 1:09:04 PM io.github.stoicswe.eyeandsickle.client.log.ClientLogTest$Bound oldestAreDroppedAndCounted
INFO: line 566
Aug 11, 2026 1:09:04 PM io.github.stoicswe.eyeandsickle.client.log.ClientLogTest$Bound oldestAreDroppedAndCounted
INFO: line 567
Aug 11, 2026 1:09:04 PM io.github.stoicswe.eyeandsickle.client.log.ClientLogTest$Bound oldestAreDroppedAndCounted
INFO: line 568
Aug 11, 2026 1:09:04 PM io.github.stoicswe.eyeandsickle.client.log.ClientLogTest$Bound oldestAreDroppedAndCounted
INFO: line 569
Aug 11, 2026 1:09:04 PM io.github.stoicswe.eyeandsickle.client.log.ClientLogTest$Bound oldestAreDroppedAndCounted
INFO: line 570
Aug 11, 2026 1:09:04 PM io.github.stoicswe.eyeandsickle.client.log.ClientLogTest$Bound oldestAreDroppedAndCounted
INFO: line 571
Aug 11, 2026 1:09:04 PM io.github.stoicswe.eyeandsickle.client.log.ClientLogTest$Bound oldestAreDroppedAndCounted
INFO: line 572
Aug 11, 2026 1:09:04 PM io.github.stoicswe.eyeandsickle.client.log.ClientLogTest$Bound oldestAreDroppedAndCounted
INFO: line 573
Aug 11, 2026 1:09:04 PM io.github.stoicswe.eyeandsickle.client.log.ClientLogTest$Bound oldestAreDroppedAndCounted
INFO: line 574
Aug 11, 2026 1:09:04 PM io.github.stoicswe.eyeandsickle.client.log.ClientLogTest$Bound oldestAreDroppedAndCounted
INFO: line 575
Aug 11, 2026 1:09:04 PM io.github.stoicswe.eyeandsickle.client.log.ClientLogTest$Bound oldestAreDroppedAndCounted
INFO: line 576
Aug 11, 2026 1:09:04 PM io.github.stoicswe.eyeandsickle.client.log.ClientLogTest$Bound oldestAreDroppedAndCounted
INFO: line 577
Aug 11, 2026 1:09:04 PM io.github.stoicswe.eyeandsickle.client.log.ClientLogTest$Bound oldestAreDroppedAndCounted
INFO: line 578
Aug 11, 2026 1:09:04 PM io.github.stoicswe.eyeandsickle.client.log.ClientLogTest$Bound oldestAreDroppedAndCounted
INFO: line 579
Aug 11, 2026 1:09:04 PM io.github.stoicswe.eyeandsickle.client.log.ClientLogTest$Bound oldestAreDroppedAndCounted
INFO: line 580
Aug 11, 2026 1:09:04 PM io.github.stoicswe.eyeandsickle.client.log.ClientLogTest$Bound oldestAreDroppedAndCounted
INFO: line 581
Aug 11, 2026 1:09:04 PM io.github.stoicswe.eyeandsickle.client.log.ClientLogTest$Bound oldestAreDroppedAndCounted
INFO: line 582
Aug 11, 2026 1:09:04 PM io.github.stoicswe.eyeandsickle.client.log.ClientLogTest$Bound oldestAreDroppedAndCounted
INFO: line 583
Aug 11, 2026 1:09:04 PM io.github.stoicswe.eyeandsickle.client.log.ClientLogTest$Bound oldestAreDroppedAndCounted
INFO: line 584
Aug 11, 2026 1:09:04 PM io.github.stoicswe.eyeandsickle.client.log.ClientLogTest$Bound oldestAreDroppedAndCounted
INFO: line 585
Aug 11, 2026 1:09:04 PM io.github.stoicswe.eyeandsickle.client.log.ClientLogTest$Bound oldestAreDroppedAndCounted
INFO: line 586
Aug 11, 2026 1:09:04 PM io.github.stoicswe.eyeandsickle.client.log.ClientLogTest$Bound oldestAreDroppedAndCounted
INFO: line 587
Aug 11, 2026 1:09:04 PM io.github.stoicswe.eyeandsickle.client.log.ClientLogTest$Bound oldestAreDroppedAndCounted
INFO: line 588
Aug 11, 2026 1:09:04 PM io.github.stoicswe.eyeandsickle.client.log.ClientLogTest$Bound oldestAreDroppedAndCounted
INFO: line 589
Aug 11, 2026 1:09:04 PM io.github.stoicswe.eyeandsickle.client.log.ClientLogTest$Bound oldestAreDroppedAndCounted
INFO: line 590
Aug 11, 2026 1:09:04 PM io.github.stoicswe.eyeandsickle.client.log.ClientLogTest$Bound oldestAreDroppedAndCounted
INFO: line 591
Aug 11, 2026 1:09:04 PM io.github.stoicswe.eyeandsickle.client.log.ClientLogTest$Bound oldestAreDroppedAndCounted
INFO: line 592
Aug 11, 2026 1:09:04 PM io.github.stoicswe.eyeandsickle.client.log.ClientLogTest$Bound oldestAreDroppedAndCounted
INFO: line 593
Aug 11, 2026 1:09:04 PM io.github.stoicswe.eyeandsickle.client.log.ClientLogTest$Bound oldestAreDroppedAndCounted
INFO: line 594
Aug 11, 2026 1:09:04 PM io.github.stoicswe.eyeandsickle.client.log.ClientLogTest$Bound oldestAreDroppedAndCounted
INFO: line 595
Aug 11, 2026 1:09:04 PM io.github.stoicswe.eyeandsickle.client.log.ClientLogTest$Bound oldestAreDroppedAndCounted
INFO: line 596
Aug 11, 2026 1:09:04 PM io.github.stoicswe.eyeandsickle.client.log.ClientLogTest$Bound oldestAreDroppedAndCounted
INFO: line 597
Aug 11, 2026 1:09:04 PM io.github.stoicswe.eyeandsickle.client.log.ClientLogTest$Bound oldestAreDroppedAndCounted
INFO: line 598
Aug 11, 2026 1:09:04 PM io.github.stoicswe.eyeandsickle.client.log.ClientLogTest$Bound oldestAreDroppedAndCounted
INFO: line 599
Aug 11, 2026 1:09:04 PM io.github.stoicswe.eyeandsickle.client.log.ClientLogTest$Bound oldestAreDroppedAndCounted
INFO: line 600
Aug 11, 2026 1:09:04 PM io.github.stoicswe.eyeandsickle.client.log.ClientLogTest$Bound oldestAreDroppedAndCounted
INFO: line 601
Aug 11, 2026 1:09:04 PM io.github.stoicswe.eyeandsickle.client.log.ClientLogTest$Bound oldestAreDroppedAndCounted
INFO: line 602
Aug 11, 2026 1:09:04 PM io.github.stoicswe.eyeandsickle.client.log.ClientLogTest$Bound oldestAreDroppedAndCounted
INFO: line 603
Aug 11, 2026 1:09:04 PM io.github.stoicswe.eyeandsickle.client.log.ClientLogTest$Bound oldestAreDroppedAndCounted
INFO: line 604
Aug 11, 2026 1:09:04 PM io.github.stoicswe.eyeandsickle.client.log.ClientLogTest$Bound oldestAreDroppedAndCounted
INFO: line 605
Aug 11, 2026 1:09:04 PM io.github.stoicswe.eyeandsickle.client.log.ClientLogTest$Bound oldestAreDroppedAndCounted
INFO: line 606
Aug 11, 2026 1:09:04 PM io.github.stoicswe.eyeandsickle.client.log.ClientLogTest$Bound oldestAreDroppedAndCounted
INFO: line 607
Aug 11, 2026 1:09:04 PM io.github.stoicswe.eyeandsickle.client.log.ClientLogTest$Bound oldestAreDroppedAndCounted
INFO: line 608
Aug 11, 2026 1:09:04 PM io.github.stoicswe.eyeandsickle.client.log.ClientLogTest$Bound oldestAreDroppedAndCounted
INFO: line 609
Aug 11, 2026 1:09:04 PM io.github.stoicswe.eyeandsickle.client.log.ClientLogTest$Bound oldestAreDroppedAndCounted
INFO: line 610
Aug 11, 2026 1:09:04 PM io.github.stoicswe.eyeandsickle.client.log.ClientLogTest$Bound oldestAreDroppedAndCounted
INFO: line 611
Aug 11, 2026 1:09:04 PM io.github.stoicswe.eyeandsickle.client.log.ClientLogTest$Bound oldestAreDroppedAndCounted
INFO: line 612
Aug 11, 2026 1:09:04 PM io.github.stoicswe.eyeandsickle.client.log.ClientLogTest$Bound oldestAreDroppedAndCounted
INFO: line 613
Aug 11, 2026 1:09:04 PM io.github.stoicswe.eyeandsickle.client.log.ClientLogTest$Bound oldestAreDroppedAndCounted
INFO: line 614
Aug 11, 2026 1:09:04 PM io.github.stoicswe.eyeandsickle.client.log.ClientLogTest$Bound oldestAreDroppedAndCounted
INFO: line 615
Aug 11, 2026 1:09:04 PM io.github.stoicswe.eyeandsickle.client.log.ClientLogTest$Bound oldestAreDroppedAndCounted
INFO: line 616
[...]
INFO: line 1987
Aug 11, 2026 1:09:04 PM io.github.stoicswe.eyeandsickle.client.log.ClientLogTest$Bound oldestAreDroppedAndCounted
INFO: line 1988
Aug 11, 2026 1:09:04 PM io.github.stoicswe.eyeandsickle.client.log.ClientLogTest$Bound oldestAreDroppedAndCounted
INFO: line 1989
Aug 11, 2026 1:09:04 PM io.github.stoicswe.eyeandsickle.client.log.ClientLogTest$Bound oldestAreDroppedAndCounted
INFO: line 1990
Aug 11, 2026 1:09:04 PM io.github.stoicswe.eyeandsickle.client.log.ClientLogTest$Bound oldestAreDroppedAndCounted
INFO: line 1991
Aug 11, 2026 1:09:04 PM io.github.stoicswe.eyeandsickle.client.log.ClientLogTest$Bound oldestAreDroppedAndCounted
INFO: line 1992
Aug 11, 2026 1:09:04 PM io.github.stoicswe.eyeandsickle.client.log.ClientLogTest$Bound oldestAreDroppedAndCounted
INFO: line 1993
Aug 11, 2026 1:09:04 PM io.github.stoicswe.eyeandsickle.client.log.ClientLogTest$Bound oldestAreDroppedAndCounted
INFO: line 1994
Aug 11, 2026 1:09:04 PM io.github.stoicswe.eyeandsickle.client.log.ClientLogTest$Bound oldestAreDroppedAndCounted
INFO: line 1995
Aug 11, 2026 1:09:04 PM io.github.stoicswe.eyeandsickle.client.log.ClientLogTest$Bound oldestAreDroppedAndCounted
INFO: line 1996
Aug 11, 2026 1:09:04 PM io.github.stoicswe.eyeandsickle.client.log.ClientLogTest$Bound oldestAreDroppedAndCounted
INFO: line 1997
Aug 11, 2026 1:09:04 PM io.github.stoicswe.eyeandsickle.client.log.ClientLogTest$Bound oldestAreDroppedAndCounted
INFO: line 1998
Aug 11, 2026 1:09:04 PM io.github.stoicswe.eyeandsickle.client.log.ClientLogTest$Bound oldestAreDroppedAndCounted
INFO: line 1999
Aug 11, 2026 1:09:04 PM io.github.stoicswe.eyeandsickle.client.log.ClientLogTest$Bound oldestAreDroppedAndCounted
INFO: line 2000
Aug 11, 2026 1:09:04 PM io.github.stoicswe.eyeandsickle.client.log.ClientLogTest$Bound oldestAreDroppedAndCounted
INFO: line 2001
Aug 11, 2026 1:09:04 PM io.github.stoicswe.eyeandsickle.client.log.ClientLogTest$Bound oldestAreDroppedAndCounted
INFO: line 2002
Aug 11, 2026 1:09:04 PM io.github.stoicswe.eyeandsickle.client.log.ClientLogTest$Bound oldestAreDroppedAndCounted
INFO: line 2003
Aug 11, 2026 1:09:04 PM io.github.stoicswe.eyeandsickle.client.log.ClientLogTest$Bound oldestAreDroppedAndCounted
INFO: line 2004
Aug 11, 2026 1:09:04 PM io.github.stoicswe.eyeandsickle.client.log.ClientLogTest$Bound oldestAreDroppedAndCounted
INFO: line 2005
Aug 11, 2026 1:09:04 PM io.github.stoicswe.eyeandsickle.client.log.ClientLogTest$Bound oldestAreDroppedAndCounted
INFO: line 2006
Aug 11, 2026 1:09:04 PM io.github.stoicswe.eyeandsickle.client.log.ClientLogTest$Bound oldestAreDroppedAndCounted
INFO: line 2007
Aug 11, 2026 1:09:04 PM io.github.stoicswe.eyeandsickle.client.log.ClientLogTest$Bound oldestAreDroppedAndCounted
INFO: line 2008
Aug 11, 2026 1:09:04 PM io.github.stoicswe.eyeandsickle.client.log.ClientLogTest$Bound oldestAreDroppedAndCounted
INFO: line 2009
Aug 11, 2026 1:09:04 PM io.github.stoicswe.eyeandsickle.client.log.ClientLogTest$Bound oldestAreDroppedAndCounted
INFO: line 2010
Aug 11, 2026 1:09:04 PM io.github.stoicswe.eyeandsickle.client.log.ClientLogTest$Bound oldestAreDroppedAndCounted
INFO: line 2011
Aug 11, 2026 1:09:04 PM io.github.stoicswe.eyeandsickle.client.log.ClientLogTest$Bound oldestAreDroppedAndCounted
INFO: line 2012
Aug 11, 2026 1:09:04 PM io.github.stoicswe.eyeandsickle.client.log.ClientLogTest$Bound oldestAreDroppedAndCounted
INFO: line 2013
Aug 11, 2026 1:09:04 PM io.github.stoicswe.eyeandsickle.client.log.ClientLogTest$Bound oldestAreDroppedAndCounted
INFO: line 2014
Aug 11, 2026 1:09:04 PM io.github.stoicswe.eyeandsickle.client.log.ClientLogTest$Bound oldestAreDroppedAndCounted
INFO: line 2015
Aug 11, 2026 1:09:04 PM io.github.stoicswe.eyeandsickle.client.log.ClientLogTest$Bound oldestAreDroppedAndCounted
INFO: line 2016
Aug 11, 2026 1:09:04 PM io.github.stoicswe.eyeandsickle.client.log.ClientLogTest$Bound oldestAreDroppedAndCounted
INFO: line 2017
Aug 11, 2026 1:09:04 PM io.github.stoicswe.eyeandsickle.client.log.ClientLogTest$Bound oldestAreDroppedAndCounted
INFO: line 2018
Aug 11, 2026 1:09:04 PM io.github.stoicswe.eyeandsickle.client.log.ClientLogTest$Bound oldestAreDroppedAndCounted
INFO: line 2019
Aug 11, 2026 1:09:04 PM io.github.stoicswe.eyeandsickle.client.log.ClientLogTest$Bound oldestAreDroppedAndCounted
INFO: line 2020
Aug 11, 2026 1:09:04 PM io.github.stoicswe.eyeandsickle.client.log.ClientLogTest$Bound oldestAreDroppedAndCounted
INFO: line 2021
Aug 11, 2026 1:09:04 PM io.github.stoicswe.eyeandsickle.client.log.ClientLogTest$Bound oldestAreDroppedAndCounted
INFO: line 2022
Aug 11, 2026 1:09:04 PM io.github.stoicswe.eyeandsickle.client.log.ClientLogTest$Bound oldestAreDroppedAndCounted
INFO: line 2023
Aug 11, 2026 1:09:04 PM io.github.stoicswe.eyeandsickle.client.log.ClientLogTest$Bound oldestAreDroppedAndCounted
INFO: line 2024
Aug 11, 2026 1:09:04 PM io.github.stoicswe.eyeandsickle.client.log.ClientLogTest$Bound oldestAreDroppedAndCounted
INFO: line 2025
Aug 11, 2026 1:09:04 PM io.github.stoicswe.eyeandsickle.client.log.ClientLogTest$Bound oldestAreDroppedAndCounted
INFO: line 2026
Aug 11, 2026 1:09:04 PM io.github.stoicswe.eyeandsickle.client.log.ClientLogTest$Bound oldestAreDroppedAndCounted
INFO: line 2027
Aug 11, 2026 1:09:04 PM io.github.stoicswe.eyeandsickle.client.log.ClientLogTest$Bound oldestAreDroppedAndCounted
INFO: line 2028
Aug 11, 2026 1:09:04 PM io.github.stoicswe.eyeandsickle.client.log.ClientLogTest$Bound oldestAreDroppedAndCounted
INFO: line 2029
Aug 11, 2026 1:09:04 PM io.github.stoicswe.eyeandsickle.client.log.ClientLogTest$Bound oldestAreDroppedAndCounted
INFO: line 2030
Aug 11, 2026 1:09:04 PM io.github.stoicswe.eyeandsickle.client.log.ClientLogTest$Bound oldestAreDroppedAndCounted
INFO: line 2031
Aug 11, 2026 1:09:04 PM io.github.stoicswe.eyeandsickle.client.log.ClientLogTest$Bound oldestAreDroppedAndCounted
INFO: line 2032
Aug 11, 2026 1:09:04 PM io.github.stoicswe.eyeandsickle.client.log.ClientLogTest$Bound oldestAreDroppedAndCounted
INFO: line 2033
Aug 11, 2026 1:09:04 PM io.github.stoicswe.eyeandsickle.client.log.ClientLogTest$Bound oldestAreDroppedAndCounted
INFO: line 2034
Aug 11, 2026 1:09:04 PM io.github.stoicswe.eyeandsickle.client.log.ClientLogTest$Bound oldestAreDroppedAndCounted
INFO: line 2035
Aug 11, 2026 1:09:04 PM io.github.stoicswe.eyeandsickle.client.log.ClientLogTest$Bound oldestAreDroppedAndCounted
INFO: line 2036
Aug 11, 2026 1:09:04 PM io.github.stoicswe.eyeandsickle.client.log.ClientLogTest$Bound oldestAreDroppedAndCounted
INFO: line 2037
Aug 11, 2026 1:09:04 PM io.github.stoicswe.eyeandsickle.client.log.ClientLogTest$Bound oldestAreDroppedAndCounted
INFO: line 2038
Aug 11, 2026 1:09:04 PM io.github.stoicswe.eyeandsickle.client.log.ClientLogTest$Bound oldestAreDroppedAndCounted
INFO: line 2039
Aug 11, 2026 1:09:04 PM io.github.stoicswe.eyeandsickle.client.log.ClientLogTest$Bound oldestAreDroppedAndCounted
INFO: line 2040
Aug 11, 2026 1:09:04 PM io.github.stoicswe.eyeandsickle.client.log.ClientLogTest$Bound oldestAreDroppedAndCounted
INFO: line 2041
Aug 11, 2026 1:09:04 PM io.github.stoicswe.eyeandsickle.client.log.ClientLogTest$Bound oldestAreDroppedAndCounted
INFO: line 2042
Aug 11, 2026 1:09:04 PM io.github.stoicswe.eyeandsickle.client.log.ClientLogTest$Bound oldestAreDroppedAndCounted
INFO: line 2043
Aug 11, 2026 1:09:04 PM io.github.stoicswe.eyeandsickle.client.log.ClientLogTest$Bound oldestAreDroppedAndCounted
INFO: line 2044
Aug 11, 2026 1:09:04 PM io.github.stoicswe.eyeandsickle.client.log.ClientLogTest$Bound oldestAreDroppedAndCounted
INFO: line 2045
Aug 11, 2026 1:09:04 PM io.github.stoicswe.eyeandsickle.client.log.ClientLogTest$Bound oldestAreDroppedAndCounted
INFO: line 2046
Aug 11, 2026 1:09:04 PM io.github.stoicswe.eyeandsickle.client.log.ClientLogTest$Bound oldestAreDroppedAndCounted
INFO: line 2047
Aug 11, 2026 1:09:04 PM io.github.stoicswe.eyeandsickle.client.log.ClientLogTest$Bound oldestAreDroppedAndCounted
INFO: line 2048
Aug 11, 2026 1:09:04 PM io.github.stoicswe.eyeandsickle.client.log.ClientLogTest$Bound oldestAreDroppedAndCounted
INFO: line 2049
]]></system-err>
  </testcase>
  <testcase name="theRootIsLeftAlone" classname="the handler itself" time="0.001"/>
  <testcase name="aBadRecordDoesNotEscape" classname="the handler itself" time="0.001">
    <system-err><![CDATA[Aug 11, 2026 1:09:04 PM deliberately.broken
INFO: unmatched brace {0
]]></system-err>
  </testcase>
  <testcase name="theTerminalIsNotFlooded" classname="the handler itself" time="0.0"/>
  <testcase name="installIsIdempotent" classname="the handler itself" time="0.001">
    <system-err><![CDATA[Aug 11, 2026 1:09:04 PM io.github.stoicswe.eyeandsickle.client.log.ClientLogTest$HandlerBehaviour installIsIdempotent
INFO: said once
]]></system-err>
  </testcase>
  <testcase name="traceIsCaptured" classname="capture" time="0.0"/>
  <testcase name="customLevelsAreBanded" classname="capture" time="0.0">
    <system-err><![CDATA[Aug 11, 2026 1:09:04 PM io.github.stoicswe.eyeandsickle.client.log.ClientLogTest$Capture customLevelsAreBanded
FLYWAY: a library speaking its own dialect
]]></system-err>
  </testcase>
  <testcase name="everyLevelIsHeld" classname="capture" time="0.001">
    <system-err><![CDATA[Aug 11, 2026 1:09:04 PM io.github.stoicswe.eyeandsickle.client.log.ClientLogTest$Capture everyLevelIsHeld
SEVERE: severe
Aug 11, 2026 1:09:04 PM io.github.stoicswe.eyeandsickle.client.log.ClientLogTest$Capture everyLevelIsHeld
WARNING: warning
Aug 11, 2026 1:09:04 PM io.github.stoicswe.eyeandsickle.client.log.ClientLogTest$Capture everyLevelIsHeld
INFO: info
]]></system-err>
  </testcase>
  <testcase name="parametersAreResolved" classname="capture" time="0.0">
    <system-err><![CDATA[Aug 11, 2026 1:09:04 PM io.github.stoicswe.eyeandsickle.client.log.ClientLogTest$Capture parametersAreResolved
INFO: opened slot 2 for ghost
]]></system-err>
  </testcase>
  <testcase name="stackTracesAreKept" classname="capture" time="0.001">
    <system-err><![CDATA[Aug 11, 2026 1:09:04 PM io.github.stoicswe.eyeandsickle.client.log.ClientLogTest$Capture stackTracesAreKept
SEVERE: could not open the character
java.lang.IllegalStateException: boom
	at io.github.stoicswe.eyeandsickle.client.log.ClientLogTest$Capture.stackTracesAreKept(ClientLogTest.java:75)
	at java.base/jdk.internal.reflect.DirectMethodHandleAccessor.invoke(DirectMethodHandleAccessor.java:104)
	at java.base/java.lang.reflect.Method.invoke(Method.java:565)
	at org.junit.platform.commons.util.ReflectionUtils.invokeMethod(ReflectionUtils.java:700)
	at org.junit.platform.commons.support.ReflectionSupport.invokeMethod(ReflectionSupport.java:528)
	at org.junit.jupiter.engine.support.MethodReflectionUtils.invoke(MethodReflectionUtils.java:53)
	at org.junit.jupiter.engine.execution.MethodInvocation.proceed(MethodInvocation.java:61)
	at org.junit.jupiter.engine.execution.InvocationInterceptorChain$ValidatingInvocation.proceed(InvocationInterceptorChain.java:124)
	at org.junit.jupiter.engine.extension.TimeoutExtension.intercept(TimeoutExtension.java:163)
	at org.junit.jupiter.engine.extension.TimeoutExtension.interceptTestableMethod(TimeoutExtension.java:148)
	at org.junit.jupiter.engine.extension.TimeoutExtension.interceptTestMethod(TimeoutExtension.java:86)
	at org.junit.jupiter.engine.execution.InterceptingExecutableInvoker$ReflectiveInterceptorCall.lambda$ofVoidMethod$0(InterceptingExecutableInvoker.java:124)
	at org.junit.jupiter.engine.execution.InterceptingExecutableInvoker.lambda$invoke$0(InterceptingExecutableInvoker.java:105)
	at org.junit.jupiter.engine.execution.InvocationInterceptorChain$InterceptedInvocation.proceed(InvocationInterceptorChain.java:99)
	at org.junit.jupiter.engine.execution.InvocationInterceptorChain.proceed(InvocationInterceptorChain.java:66)
	at org.junit.jupiter.engine.execution.InvocationInterceptorChain.chainAndInvoke(InvocationInterceptorChain.java:47)
	at org.junit.jupiter.engine.execution.InvocationInterceptorChain.invoke(InvocationInterceptorChain.java:39)
	at org.junit.jupiter.engine.execution.InterceptingExecutableInvoker.invoke(InterceptingExecutableInvoker.java:104)
	at org.junit.jupiter.engine.execution.InterceptingExecutableInvoker.invoke(InterceptingExecutableInvoker.java:98)
	at org.junit.jupiter.engine.execution.InterceptingExecutableInvoker.invokeVoid(InterceptingExecutableInvoker.java:71)
	at org.junit.jupiter.engine.descriptor.TestMethodTestDescriptor.lambda$invokeTestMethod$0(TestMethodTestDescriptor.java:219)
	at org.junit.platform.engine.support.hierarchical.ThrowableCollector.execute(ThrowableCollector.java:74)
	at org.junit.jupiter.engine.descriptor.TestMethodTestDescriptor.invokeTestMethod(TestMethodTestDescriptor.java:215)
	at org.junit.jupiter.engine.descriptor.TestMethodTestDescriptor.execute(TestMethodTestDescriptor.java:157)
	at org.junit.jupiter.engine.descriptor.TestMethodTestDescriptor.execute(TestMethodTestDescriptor.java:70)
	at org.junit.platform.engine.support.hierarchical.NodeTestTask.lambda$executeRecursively$2(NodeTestTask.java:176)
	at org.junit.platform.engine.support.hierarchical.ThrowableCollector.execute(ThrowableCollector.java:74)
	at org.junit.platform.engine.support.hierarchical.NodeTestTask.lambda$executeRecursively$1(NodeTestTask.java:166)
	at org.junit.platform.engine.support.hierarchical.Node.around(Node.java:139)
	at org.junit.platform.engine.support.hierarchical.NodeTestTask.lambda$executeRecursively$0(NodeTestTask.java:164)
	at org.junit.platform.engine.support.hierarchical.ThrowableCollector.execute(ThrowableCollector.java:74)
	at org.junit.platform.engine.support.hierarchical.NodeTestTask.executeRecursively(NodeTestTask.java:163)
	at org.junit.platform.engine.support.hierarchical.NodeTestTask.execute(NodeTestTask.java:116)
	at java.base/java.util.ArrayList.forEach(ArrayList.java:1612)
	at org.junit.platform.engine.support.hierarchical.SameThreadHierarchicalTestExecutorService.invokeAll(SameThreadHierarchicalTestExecutorService.java:42)
	at org.junit.platform.engine.support.hierarchical.NodeTestTask.lambda$executeRecursively$2(NodeTestTask.java:180)
	at org.junit.platform.engine.support.hierarchical.ThrowableCollector.execute(ThrowableCollector.java:74)
	at org.junit.platform.engine.support.hierarchical.NodeTestTask.lambda$executeRecursively$1(NodeTestTask.java:166)
	at org.junit.platform.engine.support.hierarchical.Node.around(Node.java:139)
	at org.junit.platform.engine.support.hierarchical.NodeTestTask.lambda$executeRecursively$0(NodeTestTask.java:164)
	at org.junit.platform.engine.support.hierarchical.ThrowableCollector.execute(ThrowableCollector.java:74)
	at org.junit.platform.engine.support.hierarchical.NodeTestTask.executeRecursively(NodeTestTask.java:163)
	at org.junit.platform.engine.support.hierarchical.NodeTestTask.execute(NodeTestTask.java:116)
	at java.base/java.util.ArrayList.forEach(ArrayList.java:1612)
	at org.junit.platform.engine.support.hierarchical.SameThreadHierarchicalTestExecutorService.invokeAll(SameThreadHierarchicalTestExecutorService.java:42)
	at org.junit.platform.engine.support.hierarchical.NodeTestTask.lambda$executeRecursively$2(NodeTestTask.java:180)
	at org.junit.platform.engine.support.hierarchical.ThrowableCollector.execute(ThrowableCollector.java:74)
	at org.junit.platform.engine.support.hierarchical.NodeTestTask.lambda$executeRecursively$1(NodeTestTask.java:166)
	at org.junit.platform.engine.support.hierarchical.Node.around(Node.java:139)
	at org.junit.platform.engine.support.hierarchical.NodeTestTask.lambda$executeRecursively$0(NodeTestTask.java:164)
	at org.junit.platform.engine.support.hierarchical.ThrowableCollector.execute(ThrowableCollector.java:74)
	at org.junit.platform.engine.support.hierarchical.NodeTestTask.executeRecursively(NodeTestTask.java:163)
	at org.junit.platform.engine.support.hierarchical.NodeTestTask.execute(NodeTestTask.java:116)
	at java.base/java.util.ArrayList.forEach(ArrayList.java:1612)
	at org.junit.platform.engine.support.hierarchical.SameThreadHierarchicalTestExecutorService.invokeAll(SameThreadHierarchicalTestExecutorService.java:42)
	at org.junit.platform.engine.support.hierarchical.NodeTestTask.lambda$executeRecursively$2(NodeTestTask.java:180)
	at org.junit.platform.engine.support.hierarchical.ThrowableCollector.execute(ThrowableCollector.java:74)
	at org.junit.platform.engine.support.hierarchical.NodeTestTask.lambda$executeRecursively$1(NodeTestTask.java:166)
	at org.junit.platform.engine.support.hierarchical.Node.around(Node.java:139)
	at org.junit.platform.engine.support.hierarchical.NodeTestTask.lambda$executeRecursively$0(NodeTestTask.java:164)
	at org.junit.platform.engine.support.hierarchical.ThrowableCollector.execute(ThrowableCollector.java:74)
	at org.junit.platform.engine.support.hierarchical.NodeTestTask.executeRecursively(NodeTestTask.java:163)
	at org.junit.platform.engine.support.hierarchical.NodeTestTask.execute(NodeTestTask.java:116)
	at org.junit.platform.engine.support.hierarchical.SameThreadHierarchicalTestExecutorService.submit(SameThreadHierarchicalTestExecutorService.java:36)
	at org.junit.platform.engine.support.hierarchical.HierarchicalTestExecutor.execute(HierarchicalTestExecutor.java:52)
	at org.junit.platform.engine.support.hierarchical.HierarchicalTestEngine.execute(HierarchicalTestEngine.java:58)
	at org.junit.platform.launcher.core.EngineExecutionOrchestrator.executeEngine(EngineExecutionOrchestrator.java:256)
	at org.junit.platform.launcher.core.EngineExecutionOrchestrator.failOrExecuteEngine(EngineExecutionOrchestrator.java:228)
	at org.junit.platform.launcher.core.EngineExecutionOrchestrator.execute(EngineExecutionOrchestrator.java:189)
	at org.junit.platform.launcher.core.EngineExecutionOrchestrator.execute(EngineExecutionOrchestrator.java:109)
	at org.junit.platform.launcher.core.EngineExecutionOrchestrator.lambda$execute$0(EngineExecutionOrchestrator.java:66)
	at org.junit.platform.launcher.core.EngineExecutionOrchestrator.withInterceptedStreams(EngineExecutionOrchestrator.java:168)
	at org.junit.platform.launcher.core.EngineExecutionOrchestrator.execute(EngineExecutionOrchestrator.java:65)
	at org.junit.platform.launcher.core.DefaultLauncher.execute(DefaultLauncher.java:137)
	at org.junit.platform.launcher.core.DefaultLauncher.execute(DefaultLauncher.java:126)
	at org.junit.platform.launcher.core.DelegatingLauncher.execute(DelegatingLauncher.java:71)
	at org.junit.platform.launcher.core.InterceptingLauncher.lambda$execute$2(InterceptingLauncher.java:66)
	at org.junit.platform.launcher.core.ClasspathAlignmentCheckingLauncherInterceptor.intercept(ClasspathAlignmentCheckingLauncherInterceptor.java:25)
	at org.junit.platform.launcher.core.InterceptingLauncher.execute(InterceptingLauncher.java:65)
	at org.junit.platform.launcher.core.DelegatingLauncher.execute(DelegatingLauncher.java:71)
	at java.base/jdk.internal.reflect.DirectMethodHandleAccessor.invoke(DirectMethodHandleAccessor.java:104)
	at java.base/java.lang.reflect.Method.invoke(Method.java:565)
	at org.apache.maven.surefire.api.util.ReflectionUtils.invokeMethodWithArray(ReflectionUtils.java:125)
	at org.apache.maven.surefire.junitplatform.LauncherAdapter.executeWithCancellationToken(LauncherAdapter.java:68)
	at org.apache.maven.surefire.junitplatform.LauncherAdapter.execute(LauncherAdapter.java:54)
	at org.apache.maven.surefire.junitplatform.JUnitPlatformProvider.execute(JUnitPlatformProvider.java:203)
	at org.apache.maven.surefire.junitplatform.JUnitPlatformProvider.invokeAllTests(JUnitPlatformProvider.java:168)
	at org.apache.maven.surefire.junitplatform.JUnitPlatformProvider.invoke(JUnitPlatformProvider.java:136)
	at org.apache.maven.surefire.booter.ForkedBooter.runSuitesInProcess(ForkedBooter.java:385)
	at org.apache.maven.surefire.booter.ForkedBooter.execute(ForkedBooter.java:162)
	at org.apache.maven.surefire.booter.ForkedBooter.run(ForkedBooter.java:507)
	at org.apache.maven.surefire.booter.ForkedBooter.main(ForkedBooter.java:495)

]]></system-err>
  </testcase>
</testsuite>