<?xml version="1.0" encoding="UTF-8"?>
<testsuite xmlns:xsi="http://www.w3.org/2001/XMLSchema-instance" xsi:noNamespaceSchemaLocation="https://maven.apache.org/surefire/maven-surefire-plugin/xsd/surefire-test-report.xsd" version="3.0.2" name="io.github.stoicswe.eyeandsickle.protocol.game.CharacterDidTest" time="0.024" tests="27" errors="0" skipped="0" failures="0" flakes="0">
  <properties>
[...]
</properties>
  <testcase name="fromThrows" classname="parse / malformed inputs return empty" time="0.001"/>
  <testcase name="slotOverflow" classname="parse / malformed inputs return empty" time="0.001"/>
  <testcase name="emptySegments" classname="parse / malformed inputs return empty" time="0.001"/>
  <testcase name="nonCanonicalSlot" classname="parse / malformed inputs return empty" time="0.001"/>
  <testcase name="wrongMethod" classname="parse / malformed inputs return empty" time="0.0"/>
  <testcase name="nullAndEmpty" classname="parse / malformed inputs return empty" time="0.0"/>
  <testcase name="missingSeparator" classname="parse / malformed inputs return empty" time="0.0"/>
  <testcase name="nonNumericSlot" classname="parse / malformed inputs return empty" time="0.0"/>
  <testcase name="malformedAccountPart" classname="parse / malformed inputs return empty" time="0.001"/>
  <testcase name="plainAccountDid" classname="parse / malformed inputs return empty" time="0.0"/>
  <testcase name="zeroAndNegativeSlot" classname="parse / malformed inputs return empty" time="0.0"/>
  <testcase name="falseOtherwise" classname="isCharacterDid" time="0.001"/>
  <testcase name="trueForCharacterDid" classname="isCharacterDid" time="0.002"/>
  <testcase name="passesIsDid" classname="stays DID-shaped so it needs no schema change" time="0.001"/>
  <testcase name="blankAccount" classname="of / validation" time="0.001"/>
  <testcase name="notDidShaped" classname="of / validation" time="0.0"/>
  <testcase name="nonPositiveSlot" classname="of / validation" time="0.001"/>
  <testcase name="overLength" classname="of / validation" time="0.0"/>
  <testcase name="parseReconstructs" classname="parse / round-trip" time="0.002"/>
  <testcase name="stringRoundTrip" classname="parse / round-trip" time="0.0"/>
  <testcase name="colonsStayWithAccount" classname="parse / round-trip" time="0.0"/>
  <testcase name="multiDigitSlot" classname="parse / round-trip" time="0.0"/>
  <testcase name="accessors" classname="of / build the string" time="0.0"/>
  <testcase name="valueEqualsOf" classname="of / build the string" time="0.001"/>
  <testcase name="exactFormat" classname="of / build the string" time="0.0"/>
  <testcase name="accountDidVerbatim" classname="of / build the string" time="0.0"/>
  <testcase name="toStringIsValue" classname="of / build the string" time="0.0"/>
</testsuite>